#
# A fatal error has been detected by the Java Runtime Environment:
#
#  SIGBUS (0x7) at pc=0x00007f2e69c14d65, pid=33, tid=79
#
# JRE version: OpenJDK Runtime Environment GraalVM CE 22.3.0 (17.0.5+8) (build 17.0.5+8-jvmci-22.3-b08)
# Java VM: OpenJDK 64-Bit Server VM GraalVM CE 22.3.0 (17.0.5+8-jvmci-22.3-b08, mixed mode, sharing, tiered, jvmci, jvmci compiler, compressed oops, compressed class ptrs, parallel gc, linux-amd64)
# Problematic frame:
# V  [libjvm.so+0x5add65]  CompileBroker::collect_statistics(CompilerThread*, elapsedTimer, CompileTask*)+0x405
#
# Core dump will be written. Default location: Core dumps may be processed with "/usr/share/apport/apport -p%p -s%s -c%c -d%d -P%P -u%u -g%g -- %E" (or dumping to /home/runner/Histogram-AnishXX/core.33)
#
# If you would like to submit a bug report, please visit:
#   https://github.com/oracle/graal/issues
#

---------------  S U M M A R Y ------------

Command Line: -XX:ThreadPriorityPolicy=1 -XX:+UnlockExperimentalVMOptions -XX:+EnableJVMCIProduct -XX:JVMCIThreadsPerNativeLibraryRuntime=1 -XX:-UnlockExperimentalVMOptions -Declipse.application=org.eclipse.jdt.ls.core.id1 -Dosgi.bundles.defaultStartLevel=4 -Declipse.product=org.eclipse.jdt.ls.core.product -Dlog.level=ALL -Xverify:none -XX:+UseParallelGC -XX:GCTimeRatio=4 -XX:AdaptiveSizePolicyWeight=90 -Dsun.zip.disableMemoryMapping=true -Xmx512m -Xms100m /nix/store/q9712qvwdh22a4krw4jz2sjrz07mvjbl-jdt-language-server-1.9.0/share/java/plugins/org.eclipse.equinox.launcher_1.6.400.v20210924-0641.jar --add-modules=ALL-SYSTEM --add-opens java.base/java.util=ALL-UNNAMED --add-opens java.base/java.lang=ALL-UNNAMED -configuration /home/runner/Histogram-AnishXX/.cache/jdt-language-server/config -data /home/runner/.cache/jdt-language-server/data/home/runner/Histogram-AnishXX

Host: AMD EPYC 7B12, 8 cores, 3G, Ubuntu 20.04.2 LTS
Time: Mon Feb 26 11:38:49 2024 UTC elapsed time: 1260.019872 seconds (0d 0h 21m 0s)

---------------  T H R E A D  ---------------

Current thread (0x00007f2e640d40c0):  JavaThread "C1 CompilerThread0" daemon [_thread_in_vm, id=79, stack(0x00007f2e4921a000,0x00007f2e4941a000)]


Current CompileTask:
C1:1260020 8280       3       org.eclipse.core.internal.utils.StringPool::add (59 bytes)

Stack: [0x00007f2e4921a000,0x00007f2e4941a000],  sp=0x00007f2e49418750,  free space=2041k
Native frames: (J=compiled Java code, j=interpreted, Vv=VM code, C=native code)
V  [libjvm.so+0x5add65]  CompileBroker::collect_statistics(CompilerThread*, elapsedTimer, CompileTask*)+0x405
V  [libjvm.so+0x5afe97]  CompileBroker::invoke_compiler_on_method(CompileTask*)+0x5e7
V  [libjvm.so+0x5b12e8]  CompileBroker::compiler_thread_loop()+0x528
V  [libjvm.so+0xd82460]  JavaThread::thread_main_inner()+0xd0
V  [libjvm.so+0xd85a40]  Thread::call_run()+0xc0
V  [libjvm.so+0xbdb1e1]  thread_native_entry(Thread*)+0xe1


siginfo: si_signo: 7 (SIGBUS), si_code: 2 (BUS_ADRERR), si_addr: 0x00007f2e6945a000

Register to memory mapping:

RAX=0x0000000000000055 is an unknown value
RBX=0x00007f2e640d9cb0 points into unknown readable memory: 0x00007f2e640d9d50 | 50 9d 0d 64 2e 7f 00 00
RCX=0x00007f2e6945a000 is an unknown value
RDX=0x00007f2e69459d5e points into unknown readable memory: 6f 72
RSP=0x00007f2e49418750 is pointing into the stack for thread: 0x00007f2e640d40c0
RBP=0x00007f2e494187e0 is pointing into the stack for thread: 0x00007f2e640d40c0
RSI=0x000000000000000d is an unknown value
RDI=0x00007f2e69459de0 points into unknown readable memory: 0x0000000000000000 | 00 00 00 00 00 00 00 00
R8 =0x000000000000001f is an unknown value
R9 =0x00646461206c6f6f is an unknown value
R10=0x0 is NULL
R11=0x0 is NULL
R12=0x00007f2e640d4010 points into unknown readable memory: 0x696c63652f67726f | 6f 72 67 2f 65 63 6c 69
R13=0x00007f2e4c523390 is at entry_point+-496 in (nmethod*)0x00007f2e4c523390
Compiled method (c1) 8280       3       org.eclipse.core.internal.utils.StringPool::add (59 bytes)
 total in heap  [0x00007f2e4c523390,0x00007f2e4c5240e8] = 3416
 relocation     [0x00007f2e4c5234f0,0x00007f2e4c523578] = 136
 main code      [0x00007f2e4c523580,0x00007f2e4c523f00] = 2432
 stub code      [0x00007f2e4c523f00,0x00007f2e4c523f50] = 80
 oops           [0x00007f2e4c523f50,0x00007f2e4c523f58] = 8
 metadata       [0x00007f2e4c523f58,0x00007f2e4c523f70] = 24
 scopes data    [0x00007f2e4c523f70,0x00007f2e4c523ff8] = 136
 scopes pcs     [0x00007f2e4c523ff8,0x00007f2e4c5240b8] = 192
 dependencies   [0x00007f2e4c5240b8,0x00007f2e4c5240c0] = 8
 nul chk table  [0x00007f2e4c5240c0,0x00007f2e4c5240e8] = 40
R14=0x00007f2e640239f0 points into unknown readable memory: 0x00007f2e640d40c0 | c0 40 0d 64 2e 7f 00 00
R15=0x00007f2e6a835210: <offset 0x00000000011ce210> in /nix/store/gpxl5qgg8kicmcvivwmybwjlpf7wh20l-graalvm17-ce-22.3.0/lib/server/libjvm.so at 0x00007f2e69667000


Registers:
RAX=0x0000000000000055, RBX=0x00007f2e640d9cb0, RCX=0x00007f2e6945a000, RDX=0x00007f2e69459d5e
RSP=0x00007f2e49418750, RBP=0x00007f2e494187e0, RSI=0x000000000000000d, RDI=0x00007f2e69459de0
R8 =0x000000000000001f, R9 =0x00646461206c6f6f, R10=0x0000000000000000, R11=0x0000000000000000
R12=0x00007f2e640d4010, R13=0x00007f2e4c523390, R14=0x00007f2e640239f0, R15=0x00007f2e6a835210
RIP=0x00007f2e69c14d65, EFLAGS=0x0000000000010246, CSGSFS=0x002b000000000033, ERR=0x0000000000000007
  TRAPNO=0x000000000000000e

Top of Stack: (sp=0x00007f2e49418750)
0x00007f2e49418750:   00007f2e6a77b4f0 00007f2e49418908
0x00007f2e49418760:   00007f2e49418908 0000000000000000
0x00007f2e49418770:   00007f2e69b91ed0 ffffffff00000003
0x00007f2e49418780:   00007f2dcc9460d0 00007f2e640d40c0 

Instructions: (pc=0x00007f2e69c14d65)
0x00007f2e69c14c65:   48 8b 05 a4 a0 c5 00 48 8b 40 28 48 83 00 01 e9
0x00007f2e69c14c75:   aa fd ff ff 0f 1f 80 00 00 00 00 4c 89 f7 e8 78
0x00007f2e69c14c85:   cd cb ff 49 63 36 e9 11 fd ff ff 48 8b 1d 41 a0
0x00007f2e69c14c95:   c5 00 4c 89 ef e8 e1 24 5f 00 48 8b 4b 28 48 98
0x00007f2e69c14ca5:   48 01 01 49 8b 45 00 48 8b 1d 1d a0 c5 00 48 8b
0x00007f2e69c14cb5:   80 68 01 00 00 48 3b 45 90 0f 85 24 04 00 00 49
0x00007f2e69c14cc5:   63 85 fc 00 00 00 4c 01 e8 48 8b 4b 28 49 2b 45
0x00007f2e69c14cd5:   20 48 98 48 01 01 48 8b 05 1e a0 c5 00 48 8b 40
0x00007f2e69c14ce5:   28 48 83 00 01 83 7d 9c ff 0f 84 52 03 00 00 41
0x00007f2e69c14cf5:   80 3f 00 0f 84 02 01 00 00 48 8b 05 f3 9f c5 00
0x00007f2e69c14d05:   48 8b 40 28 48 83 00 01 41 0f b6 07 83 05 cc 9e
0x00007f2e69c14d15:   c5 00 01 e9 27 fd ff ff 0f 1f 00 48 8b 3d a1 9f
0x00007f2e69c14d25:   c5 00 4c 89 e6 e8 a1 bb 66 00 48 8b 05 7a 9f c5
0x00007f2e69c14d35:   00 49 63 8c 24 a0 00 00 00 48 8b 40 28 48 89 08
0x00007f2e69c14d45:   48 8b 05 5c 9f c5 00 48 8b 48 28 48 8b 45 a0 48
0x00007f2e69c14d55:   8b 40 08 0f b7 40 20 03 43 34 48 98 83 7d 9c ff
0x00007f2e69c14d65:   48 89 01 0f 84 02 03 00 00 48 8b 05 ab 9f c5 00
0x00007f2e69c14d75:   48 8b 4d 10 48 8b 40 28 48 01 08 48 8b 05 61 9f
0x00007f2e69c14d85:   c5 00 48 8b 48 28 48 8b 45 a0 48 8b 40 08 0f b7
0x00007f2e69c14d95:   40 20 03 43 34 48 98 48 01 01 e9 f8 fd ff ff 0f
0x00007f2e69c14da5:   1f 40 00 48 8d 7d 10 e8 df 68 7e 00 e9 61 fd ff
0x00007f2e69c14db5:   ff 66 2e 0f 1f 84 00 00 00 00 00 48 8b 3d f1 9e
0x00007f2e69c14dc5:   c5 00 4c 89 e6 e8 01 bb 66 00 48 8b 05 c2 9e c5
0x00007f2e69c14dd5:   00 49 63 8c 24 a0 00 00 00 48 8b 40 28 48 89 08
0x00007f2e69c14de5:   48 8b 05 1c 9f c5 00 48 8b 40 28 48 83 00 01 e9
0x00007f2e69c14df5:   18 fe ff ff 0f 1f 80 00 00 00 00 83 05 dd 9d c5
0x00007f2e69c14e05:   00 01 e9 ad fc ff ff 0f 1f 40 00 4c 89 ef ff d0
0x00007f2e69c14e15:   e9 af fd ff ff 66 0f 1f 44 00 00 48 8b 45 20 48
0x00007f2e69c14e25:   63 4d 8c 48 83 ec 08 48 8d 15 6d 9c c5 00 f3 0f
0x00007f2e69c14e35:   6f 55 10 48 89 55 90 48 89 45 c0 4c 8d 3c c9 ff
0x00007f2e69c14e45:   75 c0 49 c1 e7 03 0f 11 55 b0 4a 8d 7c 3a 20 ff
0x00007f2e69c14e55:   75 b8 ff 75 b0 48 89 4d 80 e8 3d 67 7e 00 48 8b 


Stack slot to memory mapping:
stack at sp + 0 slots: 0x00007f2e6a77b4f0: <offset 0x00000000011144f0> in /nix/store/gpxl5qgg8kicmcvivwmybwjlpf7wh20l-graalvm17-ce-22.3.0/lib/server/libjvm.so at 0x00007f2e69667000
stack at sp + 1 slots: 0x00007f2e49418908 is pointing into the stack for thread: 0x00007f2e640d40c0
stack at sp + 2 slots: 0x00007f2e49418908 is pointing into the stack for thread: 0x00007f2e640d40c0
stack at sp + 3 slots: 0x0 is NULL
stack at sp + 4 slots: 0x00007f2e69b91ed0: <offset 0x000000000052aed0> in /nix/store/gpxl5qgg8kicmcvivwmybwjlpf7wh20l-graalvm17-ce-22.3.0/lib/server/libjvm.so at 0x00007f2e69667000
stack at sp + 5 slots: 0xffffffff00000003 is an unknown value
stack at sp + 6 slots: {method} {0x00007f2dcc9460d0} 'add' '(Ljava/lang/String;)Ljava/lang/String;' in 'org/eclipse/core/internal/utils/StringPool'
stack at sp + 7 slots: 0x00007f2e640d40c0 is a thread


---------------  P R O C E S S  ---------------

Threads class SMR info:
_java_thread_list=0x00007f2dc8017650, length=23, elements={
0x00007f2e64025e30, 0x00007f2e640c6e70, 0x00007f2e640c82b0, 0x00007f2e640cea20,
0x00007f2e640cfdd0, 0x00007f2e640d11c0, 0x00007f2e640d2bb0, 0x00007f2e640d40c0,
0x00007f2e640d5510, 0x00007f2e640f8770, 0x00007f2e64140f70, 0x00007f2e6430eb30,
0x00007f2e643571b0, 0x00007f2e64359e00, 0x00007f2df802f8f0, 0x00007f2df83fca30,
0x00007f2df85e7ea0, 0x00007f2df8793930, 0x00007f2e643ade80, 0x00007f2e64443c50,
0x00007f2dc8000ff0, 0x00007f2dd4477c00, 0x00007f2db8002290
}

Java Threads: ( => current thread )
  0x00007f2e64025e30 JavaThread "main" [_thread_blocked, id=70, stack(0x00007f2e69482000,0x00007f2e69582000)]
  0x00007f2e640c6e70 JavaThread "Reference Handler" daemon [_thread_blocked, id=73, stack(0x00007f2e68196000,0x00007f2e68296000)]
  0x00007f2e640c82b0 JavaThread "Finalizer" daemon [_thread_blocked, id=74, stack(0x00007f2e68096000,0x00007f2e68196000)]
  0x00007f2e640cea20 JavaThread "Signal Dispatcher" daemon [_thread_blocked, id=75, stack(0x00007f2e4981a000,0x00007f2e4991a000)]
  0x00007f2e640cfdd0 JavaThread "Service Thread" daemon [_thread_blocked, id=76, stack(0x00007f2e4971a000,0x00007f2e4981a000)]
  0x00007f2e640d11c0 JavaThread "Monitor Deflation Thread" daemon [_thread_blocked, id=77, stack(0x00007f2e4961a000,0x00007f2e4971a000)]
  0x00007f2e640d2bb0 JavaThread "JVMCI-native CompilerThread0" daemon [_thread_blocked, id=78, stack(0x00007f2e4941a000,0x00007f2e4961a000)]
=>0x00007f2e640d40c0 JavaThread "C1 CompilerThread0" daemon [_thread_in_vm, id=79, stack(0x00007f2e4921a000,0x00007f2e4941a000)]
  0x00007f2e640d5510 JavaThread "Sweeper thread" daemon [_thread_blocked, id=80, stack(0x00007f2e4911a000,0x00007f2e4921a000)]
  0x00007f2e640f8770 JavaThread "Common-Cleaner" daemon [_thread_blocked, id=81, stack(0x00007f2e4901a000,0x00007f2e4911a000)]
  0x00007f2e64140f70 JavaThread "Notification Thread" daemon [_thread_blocked, id=84, stack(0x00007f2e48f1a000,0x00007f2e4901a000)]
  0x00007f2e6430eb30 JavaThread "Active Thread: Equinox Container: 47164e7a-f5a4-4d8e-90cd-df3e44764664" [_thread_blocked, id=94, stack(0x00007f2e48c00000,0x00007f2e48d00000)]
  0x00007f2e643571b0 JavaThread "Framework Event Dispatcher: Equinox Container: 47164e7a-f5a4-4d8e-90cd-df3e44764664" daemon [_thread_blocked, id=95, stack(0x00007f2e48a00000,0x00007f2e48b00000)]
  0x00007f2e64359e00 JavaThread "Start Level: Equinox Container: 47164e7a-f5a4-4d8e-90cd-df3e44764664" daemon [_thread_blocked, id=96, stack(0x00007f2e48800000,0x00007f2e48900000)]
  0x00007f2df802f8f0 JavaThread "SCR Component Actor" daemon [_thread_blocked, id=98, stack(0x00007f2e48600000,0x00007f2e48700000)]
  0x00007f2df83fca30 JavaThread "Worker-JM" [_thread_blocked, id=102, stack(0x00007f2e48200000,0x00007f2e48300000)]
  0x00007f2df85e7ea0 JavaThread "Java indexing" daemon [_thread_blocked, id=107, stack(0x00007f2e10700000,0x00007f2e10800000)]
  0x00007f2df8793930 JavaThread "Bundle File Closer" daemon [_thread_blocked, id=108, stack(0x00007f2e10500000,0x00007f2e10600000)]
  0x00007f2e643ade80 JavaThread "pool-3-thread-1" [_thread_blocked, id=109, stack(0x00007f2e10300000,0x00007f2e10400000)]
  0x00007f2e64443c50 JavaThread "pool-2-thread-1" [_thread_in_native, id=110, stack(0x00007f2e10100000,0x00007f2e10200000)]
  0x00007f2dc8000ff0 JavaThread "Worker-4" [_thread_blocked, id=118, stack(0x00007f2e48b00000,0x00007f2e48c00000)]
  0x00007f2dd4477c00 JavaThread "Okio Watchdog" daemon [_thread_blocked, id=134, stack(0x00007f2e48500000,0x00007f2e48600000)]
  0x00007f2db8002290 JavaThread "Worker-6" [_thread_blocked, id=1863, stack(0x00007f2e48700000,0x00007f2e48800000)]

Other Threads:
  0x00007f2e640c25b0 VMThread "VM Thread" [stack: 0x00007f2e68298000,0x00007f2e68398000] [id=72]
  0x00007f2e64142910 WatcherThread [stack: 0x00007f2e48e1a000,0x00007f2e48f1a000] [id=85]
  0x00007f2e6403d740 GCTaskThread "GC Thread#0" [stack: 0x00007f2e69045000,0x00007f2e69145000] [id=71]
  0x00007f2e3c001270 GCTaskThread "GC Thread#1" [stack: 0x00007f2e0e100000,0x00007f2e0e200000] [id=97]

Threads with active compile tasks:
C1 CompilerThread0  1260118 8280       3       org.eclipse.core.internal.utils.StringPool::add (59 bytes)

VM state: not at safepoint (normal execution)

VM Mutex/Monitor currently owned by a thread:  ([mutex/lock_event])
[0x00007f2e640239f0] CompileStatistics_lock - owner thread: 0x00007f2e640d40c0
[0x00007f2e640243a0] PeriodicTask_lock - owner thread: 0x00007f2e64142910

Heap address: 0x00000000e0000000, size: 512 MB, Compressed Oops mode: 32-bit

CDS archive(s) mapped at: [0x0000000800000000-0x0000000800bc8000-0x0000000800bc8000), size 12353536, SharedBaseAddress: 0x0000000800000000, ArchiveRelocationMode: 0.
Compressed class space mapped at: 0x0000000800c00000-0x0000000840c00000, reserved size: 1073741824
Narrow klass base: 0x0000000800000000, Narrow klass shift: 0, Narrow klass range: 0x100000000

GC Precious Log:
 CPUs: 8 total, 2 available
 Memory: 3215M
 Large Page Support: Disabled
 NUMA Support: Disabled
 Compressed Oops: Enabled (32-bit)
 Alignments: Space 512K, Generation 512K, Heap 2M
 Heap Min Capacity: 100M
 Heap Initial Capacity: 100M
 Heap Max Capacity: 512M
 Pre-touch: Disabled
 Parallel Workers: 2

Heap:
 PSYoungGen      total 99328K, used 56865K [0x00000000f5580000, 0x00000000fdf80000, 0x0000000100000000)
  eden space 65536K, 86% used [0x00000000f5580000,0x00000000f8d08530,0x00000000f9580000)
  from space 33792K, 0% used [0x00000000f9580000,0x00000000f9580000,0x00000000fb680000)
  to   space 33792K, 0% used [0x00000000fbe80000,0x00000000fbe80000,0x00000000fdf80000)
 ParOldGen       total 339456K, used 203190K [0x00000000e0000000, 0x00000000f4b80000, 0x00000000f5580000)
  object space 339456K, 59% used [0x00000000e0000000,0x00000000ec66db88,0x00000000f4b80000)
 Metaspace       used 58006K, committed 59008K, reserved 1105920K
  class space    used 5771K, committed 6208K, reserved 1048576K

Card table byte_map: [0x00007f2e69145000,0x00007f2e69246000] _byte_map_base: 0x00007f2e68a45000

Marking Bits: (ParMarkBitMap*) 0x00007f2e6a8954c0
 Begin Bits: [0x00007f2e4a4b3000, 0x00007f2e4acb3000)
 End Bits:   [0x00007f2e4acb3000, 0x00007f2e4b4b3000)

Polling page: 0x00007f2e6945f000

Metaspace:

Usage:
  Non-class:     51.01 MB used.
      Class:      5.64 MB used.
       Both:     56.65 MB used.

Virtual space:
  Non-class space:       56.00 MB reserved,      51.56 MB ( 92%) committed,  7 nodes.
      Class space:        1.00 GB reserved,       6.06 MB ( <1%) committed,  1 nodes.
             Both:        1.05 GB reserved,      57.62 MB (  5%) committed. 

Chunk freelists:
   Non-Class:  48.00 KB
       Class:  1.94 MB
        Both:  1.98 MB

MaxMetaspaceSize: unlimited
CompressedClassSpaceSize: 1.00 GB
Initial GC threshold: 21.00 MB
Current GC threshold: 93.56 MB
CDS: on
MetaspaceReclaimPolicy: balanced
 - commit_granule_bytes: 65536.
 - commit_granule_words: 8192.
 - virtual_space_node_default_size: 1048576.
 - enlarge_chunks_in_place: 1.
 - new_chunks_are_fully_committed: 0.
 - uncommit_free_chunks: 1.
 - use_allocation_guard: 0.
 - handle_deallocations: 1.


Internal statistics:

num_allocs_failed_limit: 6.
num_arena_births: 476.
num_arena_deaths: 0.
num_vsnodes_births: 8.
num_vsnodes_deaths: 0.
num_space_committed: 921.
num_space_uncommitted: 0.
num_chunks_returned_to_freelist: 6.
num_chunks_taken_from_freelist: 2701.
num_chunk_merges: 3.
num_chunk_splits: 1796.
num_chunks_enlarged: 1157.
num_purges: 0.
num_inconsistent_stats: 0.

CodeHeap 'non-profiled nmethods': size=120036Kb used=2614Kb max_used=2774Kb free=117421Kb
 bounds [0x00007f2e52f7a000, 0x00007f2e5323a000, 0x00007f2e5a4b3000]
CodeHeap 'profiled nmethods': size=120032Kb used=14029Kb max_used=15090Kb free=106002Kb
 bounds [0x00007f2e4ba42000, 0x00007f2e4c902000, 0x00007f2e52f7a000]
CodeHeap 'non-nmethods': size=5692Kb used=1411Kb max_used=1418Kb free=4281Kb
 bounds [0x00007f2e4b4b3000, 0x00007f2e4b723000, 0x00007f2e4ba42000]
 total_blobs=7381 nmethods=6625 adapters=622
 compilation: enabled
              stopped_count=0, restarted_count=0
 full_count=0

JVMCI Events (20 events):
Event: 1028.553 Thread 0x00007f2e640d2bb0 compacted oop handles in JVMCI runtime 0 from 78 to 51
Event: 1029.557 Thread 0x00007f2e640d2bb0 detaching from JVMCI runtime 0: releasing idle compiler thread (0 other threads still attached)
Event: 1029.557 Thread 0x00007f2e640d2bb0 shutting down HotSpotJVMCIRuntime for JVMCI runtime 0
Event: 1029.557 Thread 0x00007f2e640d2bb0 shut down JVMCI runtime 0
Event: 1029.562 Thread 0x00007f2e640d2bb0 destroyed JavaVM[13]@0x00007f2e0f69e340 for JVMCI runtime 0
Event: 1029.562 Thread 0x00007f2e640d2bb0 compacted oop handles in JVMCI runtime 0 from 55 to 55
Event: 1029.562 Thread 0x00007f2e640d2bb0 releasing handles for JVMCI runtime 0: oop handles=55, metadata handles={total=256, live=252, blocks=29}
Event: 1029.562 Thread 0x00007f2e640d2bb0 detached from JVMCI runtime 0
Event: 1063.620 Thread 0x00007f2e640d2bb0 attached to JVMCI runtime 0
Event: 1063.622 Thread 0x00007f2e640d2bb0 created JavaVM[14]@0x00007f2e0f69e340 for JVMCI runtime 0
Event: 1063.622 Thread 0x00007f2e640d2bb0 initializing JVMCI runtime 0
Event: 1063.622 Thread 0x00007f2e640d2bb0 done waiting for JavaVM references initialization in JVMCI runtime 0
Event: 1063.622 Thread 0x00007f2e640d2bb0 initialized JVMCI runtime 0
Event: 1064.649 Thread 0x00007f2e640d2bb0 detaching from JVMCI runtime 0: releasing idle compiler thread (0 other threads still attached)
Event: 1064.649 Thread 0x00007f2e640d2bb0 shutting down HotSpotJVMCIRuntime for JVMCI runtime 0
Event: 1064.650 Thread 0x00007f2e640d2bb0 shut down JVMCI runtime 0
Event: 1064.653 Thread 0x00007f2e640d2bb0 destroyed JavaVM[14]@0x00007f2e0f69e340 for JVMCI runtime 0
Event: 1064.653 Thread 0x00007f2e640d2bb0 compacted oop handles in JVMCI runtime 0 from 50 to 50
Event: 1064.653 Thread 0x00007f2e640d2bb0 releasing handles for JVMCI runtime 0: oop handles=50, metadata handles={total=97, live=96, blocks=29}
Event: 1064.653 Thread 0x00007f2e640d2bb0 detached from JVMCI runtime 0

Compilation events (20 events):
Event: 1028.555 Thread 0x00007f2e640d2bb0 8189       4       org.eclipse.jdt.internal.compiler.parser.Parser::tAction (35 bytes)
Event: 1028.557 Thread 0x00007f2e640d2bb0 nmethod 8189 0x00007f2e5320ae10 code [0x00007f2e5320afa0, 0x00007f2e5320b0d0]
Event: 1063.618 Thread 0x00007f2e640d40c0 8272       1       java.lang.Thread::getThreadGroup (5 bytes)
Event: 1063.618 Thread 0x00007f2e640d40c0 nmethod 8272 0x00007f2e5305aa10 code [0x00007f2e5305aba0, 0x00007f2e5305ac70]
Event: 1063.620 Thread 0x00007f2e640d2bb0 8273 %     4       sun.nio.fs.UnixPath::normalizeAndCheck @ 9 (75 bytes)
Event: 1063.620 Thread 0x00007f2e640d40c0 8274       3       java.net.URI::getPath (31 bytes)
Event: 1063.620 Thread 0x00007f2e640d40c0 nmethod 8274 0x00007f2e4c6fc590 code [0x00007f2e4c6fc740, 0x00007f2e4c6fc980]
Event: 1063.624 Thread 0x00007f2e640d40c0 8276       3       java.util.concurrent.locks.ReentrantReadWriteLock::readLock (5 bytes)
Event: 1063.625 Thread 0x00007f2e640d40c0 nmethod 8276 0x00007f2e4c6fc210 code [0x00007f2e4c6fc3a0, 0x00007f2e4c6fc4d0]
Event: 1063.625 Thread 0x00007f2e640d40c0 8278       3       org.eclipse.jdt.internal.compiler.impl.CompilerOptions::updateSeverity (158 bytes)
Event: 1063.625 Thread 0x00007f2e640d40c0 nmethod 8278 0x00007f2e4c53ea10 code [0x00007f2e4c53ece0, 0x00007f2e4c53f490]
Event: 1063.625 Thread 0x00007f2e640d40c0 8275       1       org.eclipse.core.runtime.spi.RegistryContributor::getId (5 bytes)
Event: 1063.625 Thread 0x00007f2e640d40c0 nmethod 8275 0x00007f2e5305a710 code [0x00007f2e5305a8a0, 0x00007f2e5305a970]
Event: 1063.646 Thread 0x00007f2e640d2bb0 nmethod 8273% 0x00007f2e53059c90 code [0x00007f2e53059e40, 0x00007f2e5305a370]
Event: 1063.646 Thread 0x00007f2e640d2bb0 8277       4       java.util.regex.Pattern::append (43 bytes)
Event: 1063.649 Thread 0x00007f2e640d2bb0 nmethod 8277 0x00007f2e53059810 code [0x00007f2e530599a0, 0x00007f2e53059b00]
Event: 1113.742 Thread 0x00007f2e640d40c0 8279       3       java.util.concurrent.ScheduledThreadPoolExecutor$ScheduledFutureTask::getDelay (16 bytes)
Event: 1113.743 Thread 0x00007f2e640d40c0 nmethod 8279 0x00007f2e4c739390 code [0x00007f2e4c739540, 0x00007f2e4c7396c0]
Event: 1259.846 Thread 0x00007f2e640d40c0 8280       3       org.eclipse.core.internal.utils.StringPool::add (59 bytes)
Event: 1259.847 Thread 0x00007f2e640d40c0 nmethod 8280 0x00007f2e4c523390 code [0x00007f2e4c523580, 0x00007f2e4c523f50]

GC Heap History (20 events):
Event: 15.886 GC heap before
{Heap before GC invocations=58 (full 5):
 PSYoungGen      total 104448K, used 102961K [0x00000000f5580000, 0x00000000fd380000, 0x0000000100000000)
  eden space 81920K, 100% used [0x00000000f5580000,0x00000000fa580000,0x00000000fa580000)
  from space 22528K, 93% used [0x00000000fbd80000,0x00000000fd20c6d8,0x00000000fd380000)
  to   space 23552K, 0% used [0x00000000fa580000,0x00000000fa580000,0x00000000fbc80000)
 ParOldGen       total 261632K, used 221705K [0x00000000e0000000, 0x00000000eff80000, 0x00000000f5580000)
  object space 261632K, 84% used [0x00000000e0000000,0x00000000ed882770,0x00000000eff80000)
 Metaspace       used 54904K, committed 55872K, reserved 1105920K
  class space    used 5479K, committed 5888K, reserved 1048576K
}
Event: 15.935 GC heap after
{Heap after GC invocations=58 (full 5):
 PSYoungGen      total 105472K, used 23528K [0x00000000f5580000, 0x0000000100000000, 0x0000000100000000)
  eden space 81920K, 0% used [0x00000000f5580000,0x00000000f5580000,0x00000000fa580000)
  from space 23552K, 99% used [0x00000000fa580000,0x00000000fbc7a0b8,0x00000000fbc80000)
  to   space 43008K, 0% used [0x00000000fd600000,0x00000000fd600000,0x0000000100000000)
 ParOldGen       total 261632K, used 237827K [0x00000000e0000000, 0x00000000eff80000, 0x00000000f5580000)
  object space 261632K, 90% used [0x00000000e0000000,0x00000000ee840cc8,0x00000000eff80000)
 Metaspace       used 54904K, committed 55872K, reserved 1105920K
  class space    used 5479K, committed 5888K, reserved 1048576K
}
Event: 16.188 GC heap before
{Heap before GC invocations=59 (full 5):
 PSYoungGen      total 105472K, used 105448K [0x00000000f5580000, 0x0000000100000000, 0x0000000100000000)
  eden space 81920K, 100% used [0x00000000f5580000,0x00000000fa580000,0x00000000fa580000)
  from space 23552K, 99% used [0x00000000fa580000,0x00000000fbc7a0b8,0x00000000fbc80000)
  to   space 43008K, 0% used [0x00000000fd600000,0x00000000fd600000,0x0000000100000000)
 ParOldGen       total 261632K, used 237827K [0x00000000e0000000, 0x00000000eff80000, 0x00000000f5580000)
  object space 261632K, 90% used [0x00000000e0000000,0x00000000ee840cc8,0x00000000eff80000)
 Metaspace       used 54906K, committed 55872K, reserved 1105920K
  class space    used 5479K, committed 5888K, reserved 1048576K
}
Event: 16.261 GC heap after
{Heap after GC invocations=59 (full 5):
 PSYoungGen      total 110592K, used 18903K [0x00000000f5580000, 0x00000000fe880000, 0x0000000100000000)
  eden space 91648K, 0% used [0x00000000f5580000,0x00000000f5580000,0x00000000faf00000)
  from space 18944K, 99% used [0x00000000fd600000,0x00000000fe875c10,0x00000000fe880000)
  to   space 26624K, 0% used [0x00000000fb480000,0x00000000fb480000,0x00000000fce80000)
 ParOldGen       total 261632K, used 261120K [0x00000000e0000000, 0x00000000eff80000, 0x00000000f5580000)
  object space 261632K, 99% used [0x00000000e0000000,0x00000000eff000d8,0x00000000eff80000)
 Metaspace       used 54906K, committed 55872K, reserved 1105920K
  class space    used 5479K, committed 5888K, reserved 1048576K
}
Event: 16.261 GC heap before
{Heap before GC invocations=60 (full 6):
 PSYoungGen      total 110592K, used 18903K [0x00000000f5580000, 0x00000000fe880000, 0x0000000100000000)
  eden space 91648K, 0% used [0x00000000f5580000,0x00000000f5580000,0x00000000faf00000)
  from space 18944K, 99% used [0x00000000fd600000,0x00000000fe875c10,0x00000000fe880000)
  to   space 26624K, 0% used [0x00000000fb480000,0x00000000fb480000,0x00000000fce80000)
 ParOldGen       total 261632K, used 261120K [0x00000000e0000000, 0x00000000eff80000, 0x00000000f5580000)
  object space 261632K, 99% used [0x00000000e0000000,0x00000000eff000d8,0x00000000eff80000)
 Metaspace       used 54906K, committed 55872K, reserved 1105920K
  class space    used 5479K, committed 5888K, reserved 1048576K
}
Event: 16.815 GC heap after
{Heap after GC invocations=60 (full 6):
 PSYoungGen      total 120832K, used 14423K [0x00000000f5580000, 0x00000000fed00000, 0x0000000100000000)
  eden space 101888K, 0% used [0x00000000f5580000,0x00000000f5580000,0x00000000fb900000)
  from space 18944K, 76% used [0x00000000fd600000,0x00000000fe415ee0,0x00000000fe880000)
  to   space 26624K, 0% used [0x00000000fb900000,0x00000000fb900000,0x00000000fd300000)
 ParOldGen       total 349696K, used 261297K [0x00000000e0000000, 0x00000000f5580000, 0x00000000f5580000)
  object space 349696K, 74% used [0x00000000e0000000,0x00000000eff2c660,0x00000000f5580000)
 Metaspace       used 54906K, committed 55872K, reserved 1105920K
  class space    used 5479K, committed 5888K, reserved 1048576K
}
Event: 17.311 GC heap before
{Heap before GC invocations=61 (full 6):
 PSYoungGen      total 120832K, used 116311K [0x00000000f5580000, 0x00000000fed00000, 0x0000000100000000)
  eden space 101888K, 100% used [0x00000000f5580000,0x00000000fb900000,0x00000000fb900000)
  from space 18944K, 76% used [0x00000000fd600000,0x00000000fe415ee0,0x00000000fe880000)
  to   space 26624K, 0% used [0x00000000fb900000,0x00000000fb900000,0x00000000fd300000)
 ParOldGen       total 349696K, used 261297K [0x00000000e0000000, 0x00000000f5580000, 0x00000000f5580000)
  object space 349696K, 74% used [0x00000000e0000000,0x00000000eff2c660,0x00000000f5580000)
 Metaspace       used 54906K, committed 55872K, reserved 1105920K
  class space    used 5479K, committed 5888K, reserved 1048576K
}
Event: 17.376 GC heap after
{Heap after GC invocations=61 (full 6):
 PSYoungGen      total 128512K, used 23106K [0x00000000f5580000, 0x00000000ff280000, 0x0000000100000000)
  eden space 101888K, 0% used [0x00000000f5580000,0x00000000f5580000,0x00000000fb900000)
  from space 26624K, 86% used [0x00000000fb900000,0x00000000fcf90a08,0x00000000fd300000)
  to   space 24064K, 0% used [0x00000000fdb00000,0x00000000fdb00000,0x00000000ff280000)
 ParOldGen       total 349696K, used 276099K [0x00000000e0000000, 0x00000000f5580000, 0x00000000f5580000)
  object space 349696K, 78% used [0x00000000e0000000,0x00000000f0da0c80,0x00000000f5580000)
 Metaspace       used 54906K, committed 55872K, reserved 1105920K
  class space    used 5479K, committed 5888K, reserved 1048576K
}
Event: 17.852 GC heap before
{Heap before GC invocations=62 (full 6):
 PSYoungGen      total 128512K, used 124994K [0x00000000f5580000, 0x00000000ff280000, 0x0000000100000000)
  eden space 101888K, 100% used [0x00000000f5580000,0x00000000fb900000,0x00000000fb900000)
  from space 26624K, 86% used [0x00000000fb900000,0x00000000fcf90a08,0x00000000fd300000)
  to   space 24064K, 0% used [0x00000000fdb00000,0x00000000fdb00000,0x00000000ff280000)
 ParOldGen       total 349696K, used 276099K [0x00000000e0000000, 0x00000000f5580000, 0x00000000f5580000)
  object space 349696K, 78% used [0x00000000e0000000,0x00000000f0da0c80,0x00000000f5580000)
 Metaspace       used 54908K, committed 55872K, reserved 1105920K
  class space    used 5479K, committed 5888K, reserved 1048576K
}
Event: 17.922 GC heap after
{Heap after GC invocations=62 (full 6):
 PSYoungGen      total 82944K, used 24033K [0x00000000f5580000, 0x0000000100000000, 0x0000000100000000)
  eden space 58880K, 0% used [0x00000000f5580000,0x00000000f5580000,0x00000000f8f00000)
  from space 24064K, 99% used [0x00000000fdb00000,0x00000000ff2784f0,0x00000000ff280000)
  to   space 57856K, 0% used [0x00000000f8f00000,0x00000000f8f00000,0x00000000fc780000)
 ParOldGen       total 349696K, used 305287K [0x00000000e0000000, 0x00000000f5580000, 0x00000000f5580000)
  object space 349696K, 87% used [0x00000000e0000000,0x00000000f2a21f58,0x00000000f5580000)
 Metaspace       used 54908K, committed 55872K, reserved 1105920K
  class space    used 5479K, committed 5888K, reserved 1048576K
}
Event: 17.991 GC heap before
{Heap before GC invocations=63 (full 6):
 PSYoungGen      total 82944K, used 82913K [0x00000000f5580000, 0x0000000100000000, 0x0000000100000000)
  eden space 58880K, 100% used [0x00000000f5580000,0x00000000f8f00000,0x00000000f8f00000)
  from space 24064K, 99% used [0x00000000fdb00000,0x00000000ff2784f0,0x00000000ff280000)
  to   space 57856K, 0% used [0x00000000f8f00000,0x00000000f8f00000,0x00000000fc780000)
 ParOldGen       total 349696K, used 305287K [0x00000000e0000000, 0x00000000f5580000, 0x00000000f5580000)
  object space 349696K, 87% used [0x00000000e0000000,0x00000000f2a21f58,0x00000000f5580000)
 Metaspace       used 54908K, committed 55872K, reserved 1105920K
  class space    used 5479K, committed 5888K, reserved 1048576K
}
Event: 18.045 GC heap after
{Heap after GC invocations=63 (full 6):
 PSYoungGen      total 81408K, used 22517K [0x00000000f5580000, 0x00000000fdb80000, 0x0000000100000000)
  eden space 58880K, 0% used [0x00000000f5580000,0x00000000f5580000,0x00000000f8f00000)
  from space 22528K, 99% used [0x00000000f8f00000,0x00000000fa4fd658,0x00000000fa500000)
  to   space 33792K, 0% used [0x00000000fba80000,0x00000000fba80000,0x00000000fdb80000)
 ParOldGen       total 349696K, used 329199K [0x00000000e0000000, 0x00000000f5580000, 0x00000000f5580000)
  object space 349696K, 94% used [0x00000000e0000000,0x00000000f417bf50,0x00000000f5580000)
 Metaspace       used 54908K, committed 55872K, reserved 1105920K
  class space    used 5479K, committed 5888K, reserved 1048576K
}
Event: 18.045 GC heap before
{Heap before GC invocations=64 (full 7):
 PSYoungGen      total 81408K, used 22517K [0x00000000f5580000, 0x00000000fdb80000, 0x0000000100000000)
  eden space 58880K, 0% used [0x00000000f5580000,0x00000000f5580000,0x00000000f8f00000)
  from space 22528K, 99% used [0x00000000f8f00000,0x00000000fa4fd658,0x00000000fa500000)
  to   space 33792K, 0% used [0x00000000fba80000,0x00000000fba80000,0x00000000fdb80000)
 ParOldGen       total 349696K, used 329199K [0x00000000e0000000, 0x00000000f5580000, 0x00000000f5580000)
  object space 349696K, 94% used [0x00000000e0000000,0x00000000f417bf50,0x00000000f5580000)
 Metaspace       used 54908K, committed 55872K, reserved 1105920K
  class space    used 5479K, committed 5888K, reserved 1048576K
}
Event: 18.426 GC heap after
{Heap after GC invocations=64 (full 7):
 PSYoungGen      total 95232K, used 0K [0x00000000f5580000, 0x00000000fd780000, 0x0000000100000000)
  eden space 65536K, 0% used [0x00000000f5580000,0x00000000f5580000,0x00000000f9580000)
  from space 29696K, 0% used [0x00000000fba80000,0x00000000fba80000,0x00000000fd780000)
  to   space 33792K, 0% used [0x00000000f9580000,0x00000000f9580000,0x00000000fb680000)
 ParOldGen       total 349696K, used 345770K [0x00000000e0000000, 0x00000000f5580000, 0x00000000f5580000)
  object space 349696K, 98% used [0x00000000e0000000,0x00000000f51aab70,0x00000000f5580000)
 Metaspace       used 54908K, committed 55872K, reserved 1105920K
  class space    used 5479K, committed 5888K, reserved 1048576K
}
Event: 20.077 GC heap before
{Heap before GC invocations=65 (full 8):
 PSYoungGen      total 95232K, used 65536K [0x00000000f5580000, 0x00000000fd780000, 0x0000000100000000)
  eden space 65536K, 100% used [0x00000000f5580000,0x00000000f9580000,0x00000000f9580000)
  from space 29696K, 0% used [0x00000000fba80000,0x00000000fba80000,0x00000000fd780000)
  to   space 33792K, 0% used [0x00000000f9580000,0x00000000f9580000,0x00000000fb680000)
 ParOldGen       total 349696K, used 345770K [0x00000000e0000000, 0x00000000f5580000, 0x00000000f5580000)
  object space 349696K, 98% used [0x00000000e0000000,0x00000000f51aab70,0x00000000f5580000)
 Metaspace       used 54928K, committed 55872K, reserved 1105920K
  class space    used 5480K, committed 5888K, reserved 1048576K
}
Event: 20.596 GC heap after
{Heap after GC invocations=65 (full 8):
 PSYoungGen      total 99328K, used 36662K [0x00000000f5580000, 0x00000000fde80000, 0x0000000100000000)
  eden space 65536K, 55% used [0x00000000f5580000,0x00000000f794daa8,0x00000000f9580000)
  from space 33792K, 0% used [0x00000000f9580000,0x00000000f9580000,0x00000000fb680000)
  to   space 29696K, 0% used [0x00000000fba80000,0x00000000fba80000,0x00000000fd780000)
 ParOldGen       total 349696K, used 349549K [0x00000000e0000000, 0x00000000f5580000, 0x00000000f5580000)
  object space 349696K, 99% used [0x00000000e0000000,0x00000000f555b4e8,0x00000000f5580000)
 Metaspace       used 54928K, committed 55872K, reserved 1105920K
  class space    used 5480K, committed 5888K, reserved 1048576K
}
Event: 22.598 GC heap before
{Heap before GC invocations=66 (full 9):
 PSYoungGen      total 99328K, used 65536K [0x00000000f5580000, 0x00000000fde80000, 0x0000000100000000)
  eden space 65536K, 100% used [0x00000000f5580000,0x00000000f9580000,0x00000000f9580000)
  from space 33792K, 0% used [0x00000000f9580000,0x00000000f9580000,0x00000000fb680000)
  to   space 29696K, 0% used [0x00000000fba80000,0x00000000fba80000,0x00000000fd780000)
 ParOldGen       total 349696K, used 349549K [0x00000000e0000000, 0x00000000f5580000, 0x00000000f5580000)
  object space 349696K, 99% used [0x00000000e0000000,0x00000000f555b4e8,0x00000000f5580000)
 Metaspace       used 54969K, committed 55936K, reserved 1105920K
  class space    used 5480K, committed 5888K, reserved 1048576K
}
Event: 23.079 GC heap after
{Heap after GC invocations=66 (full 9):
 PSYoungGen      total 95232K, used 7315K [0x00000000f5580000, 0x00000000fde80000, 0x0000000100000000)
  eden space 65536K, 11% used [0x00000000f5580000,0x00000000f5ca4eb0,0x00000000f9580000)
  from space 29696K, 0% used [0x00000000fba80000,0x00000000fba80000,0x00000000fd780000)
  to   space 33792K, 0% used [0x00000000f9580000,0x00000000f9580000,0x00000000fb680000)
 ParOldGen       total 349696K, used 349585K [0x00000000e0000000, 0x00000000f5580000, 0x00000000f5580000)
  object space 349696K, 99% used [0x00000000e0000000,0x00000000f55644d8,0x00000000f5580000)
 Metaspace       used 54969K, committed 55936K, reserved 1105920K
  class space    used 5480K, committed 5888K, reserved 1048576K
}
Event: 484.279 GC heap before
{Heap before GC invocations=67 (full 10):
 PSYoungGen      total 95232K, used 65536K [0x00000000f5580000, 0x00000000fde80000, 0x0000000100000000)
  eden space 65536K, 100% used [0x00000000f5580000,0x00000000f9580000,0x00000000f9580000)
  from space 29696K, 0% used [0x00000000fba80000,0x00000000fba80000,0x00000000fd780000)
  to   space 33792K, 0% used [0x00000000f9580000,0x00000000f9580000,0x00000000fb680000)
 ParOldGen       total 349696K, used 349585K [0x00000000e0000000, 0x00000000f5580000, 0x00000000f5580000)
  object space 349696K, 99% used [0x00000000e0000000,0x00000000f55644d8,0x00000000f5580000)
 Metaspace       used 56458K, committed 57472K, reserved 1105920K
  class space    used 5614K, committed 6080K, reserved 1048576K
}
Event: 484.505 GC heap after
{Heap after GC invocations=67 (full 10):
 PSYoungGen      total 99328K, used 0K [0x00000000f5580000, 0x00000000fdf80000, 0x0000000100000000)
  eden space 65536K, 0% used [0x00000000f5580000,0x00000000f5580000,0x00000000f9580000)
  from space 33792K, 0% used [0x00000000f9580000,0x00000000f9580000,0x00000000fb680000)
  to   space 33792K, 0% used [0x00000000fbe80000,0x00000000fbe80000,0x00000000fdf80000)
 ParOldGen       total 339456K, used 203190K [0x00000000e0000000, 0x00000000f4b80000, 0x00000000f5580000)
  object space 339456K, 59% used [0x00000000e0000000,0x00000000ec66db88,0x00000000f4b80000)
 Metaspace       used 56458K, committed 57472K, reserved 1105920K
  class space    used 5614K, committed 6080K, reserved 1048576K
}

Dll operation events (9 events):
Event: 0.027 Loaded shared library /nix/store/gpxl5qgg8kicmcvivwmybwjlpf7wh20l-graalvm17-ce-22.3.0/lib/libjava.so
Event: 0.044 Loaded shared library /nix/store/gpxl5qgg8kicmcvivwmybwjlpf7wh20l-graalvm17-ce-22.3.0/lib/libjsvml.so
Event: 0.129 Loaded shared library /nix/store/gpxl5qgg8kicmcvivwmybwjlpf7wh20l-graalvm17-ce-22.3.0/lib/libnio.so
Event: 0.133 Loaded shared library /nix/store/gpxl5qgg8kicmcvivwmybwjlpf7wh20l-graalvm17-ce-22.3.0/lib/libzip.so
Event: 0.136 Loaded shared library /nix/store/gpxl5qgg8kicmcvivwmybwjlpf7wh20l-graalvm17-ce-22.3.0/lib/libjvmcicompiler.so
Event: 0.245 Loaded shared library /nix/store/gpxl5qgg8kicmcvivwmybwjlpf7wh20l-graalvm17-ce-22.3.0/lib/libjimage.so
Event: 0.855 Loaded shared library /nix/store/gpxl5qgg8kicmcvivwmybwjlpf7wh20l-graalvm17-ce-22.3.0/lib/libnet.so
Event: 1.214 Loaded shared library /home/runner/Histogram-AnishXX/.cache/jdt-language-server/config/org.eclipse.equinox.launcher/org.eclipse.equinox.launcher.gtk.linux.x86_64_1.2.400.v20211117-0650/eclipse_11600.so
Event: 10.131 Loaded shared library /nix/store/gpxl5qgg8kicmcvivwmybwjlpf7wh20l-graalvm17-ce-22.3.0/lib/libextnet.so

Deoptimization events (20 events):
Event: 484.920 Thread 0x00007f2dd0036e80 Uncommon trap: trap_request=0xffffffed fr.pc=0x00007f2e52fa0e04 relative=0x0000000000000304
Event: 484.920 Thread 0x00007f2dd0036e80 Uncommon trap: reason=null_assert_or_unreached0 action=reinterpret pc=0x00007f2e52fa0e04 method=java.util.HashMap.hash(Ljava/lang/Object;)I @ 0 jvmci
Event: 484.920 Thread 0x00007f2dd0036e80 DEOPT PACKING pc=0x00007f2e52fa0e04 sp=0x00007f2e487fd3d0
Event: 484.920 Thread 0x00007f2dd0036e80 DEOPT UNPACKING pc=0x00007f2e4b505325 sp=0x00007f2e487fc8a0 mode 3
Event: 484.920 Thread 0x00007f2dd0036e80 Uncommon trap: trap_request=0xffffffed fr.pc=0x00007f2e52f88464 relative=0x00000000000002e4
Event: 484.920 Thread 0x00007f2dd0036e80 Uncommon trap: reason=null_assert_or_unreached0 action=reinterpret pc=0x00007f2e52f88464 method=java.lang.String.hashCode()I @ 0 jvmci
Event: 484.920 Thread 0x00007f2dd0036e80 DEOPT PACKING pc=0x00007f2e52f88464 sp=0x00007f2e487fd360
Event: 484.920 Thread 0x00007f2dd0036e80 DEOPT UNPACKING pc=0x00007f2e4b505325 sp=0x00007f2e487fc830 mode 3
Event: 487.264 Thread 0x00007f2dd0036e80 Uncommon trap: trap_request=0xffffffed fr.pc=0x00007f2e531a3a22 relative=0x0000000000000082
Event: 487.264 Thread 0x00007f2dd0036e80 Uncommon trap: reason=null_assert_or_unreached0 action=reinterpret pc=0x00007f2e531a3a22 method=org.eclipse.jdt.internal.compiler.classfmt.MethodInfo.getExceptionTypeNames()[[C @ 4 jvmci
Event: 487.264 Thread 0x00007f2dd0036e80 DEOPT PACKING pc=0x00007f2e531a3a22 sp=0x00007f2e487fd800
Event: 487.264 Thread 0x00007f2dd0036e80 DEOPT UNPACKING pc=0x00007f2e4b505325 sp=0x00007f2e487fcca0 mode 3
Event: 1028.324 Thread 0x00007f2dd0036e80 Uncommon trap: trap_request=0xffffffed fr.pc=0x00007f2e52f9f197 relative=0x00000000000000d7
Event: 1028.324 Thread 0x00007f2dd0036e80 Uncommon trap: reason=null_assert_or_unreached0 action=reinterpret pc=0x00007f2e52f9f197 method=org.eclipse.jdt.core.Signature.appendTypeSignature([CIZLjava/lang/StringBuffer;)I @ 0 jvmci
Event: 1028.324 Thread 0x00007f2dd0036e80 DEOPT PACKING pc=0x00007f2e52f9f197 sp=0x00007f2e487fdaf0
Event: 1028.324 Thread 0x00007f2dd0036e80 DEOPT UNPACKING pc=0x00007f2e4b505325 sp=0x00007f2e487fcf78 mode 3
Event: 1028.371 Thread 0x00007f2dd0036e80 Uncommon trap: trap_request=0xffffffed fr.pc=0x00007f2e52fc877b relative=0x000000000000035b
Event: 1028.371 Thread 0x00007f2dd0036e80 Uncommon trap: reason=null_assert_or_unreached0 action=reinterpret pc=0x00007f2e52fc877b method=java.lang.StringLatin1.replace([BCC)Ljava/lang/String; @ 34 jvmci
Event: 1028.371 Thread 0x00007f2dd0036e80 DEOPT PACKING pc=0x00007f2e52fc877b sp=0x00007f2e487fdda0
Event: 1028.371 Thread 0x00007f2dd0036e80 DEOPT UNPACKING pc=0x00007f2e4b505325 sp=0x00007f2e487fd210 mode 3

Classes unloaded (0 events):
No events

Classes redefined (0 events):
No events

Internal exceptions (20 events):
Event: 12.566 Thread 0x00007f2de0000ff0 Exception <a 'sun/nio/fs/UnixException'{0x00000000f60bb2c0}> (0x00000000f60bb2c0) 
thrown [src/hotspot/share/prims/jni.cpp, line 516]
Event: 12.569 Thread 0x00007f2de0000ff0 Exception <a 'sun/nio/fs/UnixException'{0x00000000f62e7d70}> (0x00000000f62e7d70) 
thrown [src/hotspot/share/prims/jni.cpp, line 516]
Event: 12.575 Thread 0x00007f2de0000ff0 Exception <a 'sun/nio/fs/UnixException'{0x00000000f63019c0}> (0x00000000f63019c0) 
thrown [src/hotspot/share/prims/jni.cpp, line 516]
Event: 12.917 Thread 0x00007f2e64443c50 Exception <a 'java/lang/NoSuchMethodError'{0x00000000f6ea6358}: 'java.lang.Object java.lang.invoke.DirectMethodHandle$Holder.invokeInterface(java.lang.Object, java.lang.Object, java.lang.Object)'> (0x00000000f6ea6358) 
thrown [src/hotspot/share/interpreter/linkResolver.cpp, line 758]
Event: 12.959 Thread 0x00007f2dec0010d0 Exception <a 'java/lang/NoSuchMethodError'{0x00000000f73dabe0}: static [Lorg/eclipse/core/runtime/IPath;.<clinit>()V> (0x00000000f73dabe0) 
thrown [src/hotspot/share/prims/jni.cpp, line 1107]
Event: 12.967 Thread 0x00007f2dec0010d0 Exception <a 'java/lang/NoSuchMethodError'{0x00000000f76a8e28}: static [J.<clinit>()V> (0x00000000f76a8e28) 
thrown [src/hotspot/share/prims/jni.cpp, line 1107]
Event: 13.847 Thread 0x00007f2df845bf80 Exception <a 'java/lang/NoSuchMethodError'{0x00000000f5a83418}: 'java.lang.Object java.lang.invoke.DirectMethodHandle$Holder.invokeStatic(java.lang.Object, java.lang.Object, java.lang.Object, long)'> (0x00000000f5a83418) 
thrown [src/hotspot/share/interpreter/linkResolver.cpp, line 758]
Event: 13.848 Thread 0x00007f2df845bf80 Exception <a 'java/lang/NoSuchMethodError'{0x00000000f5bff980}: 'java.lang.Object java.lang.invoke.DirectMethodHandle$Holder.newInvokeSpecial(java.lang.Object, java.lang.Object, java.lang.Object, long)'> (0x00000000f5bff980) 
thrown [src/hotspot/share/interpreter/linkResolver.cpp, line 758]
Event: 13.848 Thread 0x00007f2df845bf80 Exception <a 'java/lang/NoSuchMethodError'{0x00000000f5c03a98}: 'java.lang.Object java.lang.invoke.DirectMethodHandle$Holder.invokeSpecial(java.lang.Object, java.lang.Object, java.lang.Object, java.lang.Object, long)'> (0x00000000f5c03a98) 
thrown [src/hotspot/share/interpreter/linkResolver.cpp, line 758]
Event: 13.849 Thread 0x00007f2df845bf80 Exception <a 'java/lang/NoSuchMethodError'{0x00000000f5cbb818}: 'java.lang.Object java.lang.invoke.Invokers$Holder.linkToTargetMethod(java.lang.Object, java.lang.Object, long, java.lang.Object)'> (0x00000000f5cbb818) 
thrown [src/hotspot/share/interpreter/linkResolver.cpp, line 758]
Event: 13.906 Thread 0x00007f2df845bf80 Exception <a 'java/io/FileNotFoundException'{0x00000000f6d83210}> (0x00000000f6d83210) 
thrown [src/hotspot/share/prims/jni.cpp, line 516]
Event: 13.920 Thread 0x00007f2df845bf80 Exception <a 'java/lang/NoSuchMethodError'{0x00000000f7203d10}: 'java.lang.Object java.lang.invoke.DirectMethodHandle$Holder.newInvokeSpecial(java.lang.Object, java.lang.Object, int, java.lang.Object, java.lang.Object)'> (0x00000000f7203d10) 
thrown [src/hotspot/share/interpreter/linkResolver.cpp, line 758]
Event: 13.921 Thread 0x00007f2df845bf80 Exception <a 'java/lang/NoSuchMethodError'{0x00000000f7208140}: 'java.lang.Object java.lang.invoke.DirectMethodHandle$Holder.invokeSpecial(java.lang.Object, java.lang.Object, java.lang.Object, int, java.lang.Object, java.lang.Object)'> (0x00000000f7208140) 
thrown [src/hotspot/share/interpreter/linkResolver.cpp, line 758]
Event: 13.999 Thread 0x00007f2df845bf80 Exception <a 'java/lang/NoSuchMethodError'{0x00000000f7ec1190}: 'java.lang.Object java.lang.invoke.DirectMethodHandle$Holder.newInvokeSpecial(java.lang.Object, java.lang.Object, java.lang.Object, int, java.lang.Object)'> (0x00000000f7ec1190) 
thrown [src/hotspot/share/interpreter/linkResolver.cpp, line 758]
Event: 13.999 Thread 0x00007f2df845bf80 Exception <a 'java/lang/NoSuchMethodError'{0x00000000f7ec5598}: 'java.lang.Object java.lang.invoke.DirectMethodHandle$Holder.invokeSpecial(java.lang.Object, java.lang.Object, java.lang.Object, java.lang.Object, int, java.lang.Object)'> (0x00000000f7ec5598) 
thrown [src/hotspot/share/interpreter/linkResolver.cpp, line 758]
Event: 14.000 Thread 0x00007f2df845bf80 Exception <a 'java/lang/NoSuchMethodError'{0x00000000f7ec9080}: 'java.lang.Object java.lang.invoke.Invokers$Holder.linkToTargetMethod(java.lang.Object, java.lang.Object, int, java.lang.Object, java.lang.Object)'> (0x00000000f7ec9080) 
thrown [src/hotspot/share/interpreter/linkResolver.cpp, line 758]
Event: 14.241 Thread 0x00007f2de0000ff0 Implicit null exception at 0x00007f2e53158f22 to 0x00007f2e531592b2
Event: 14.406 Thread 0x00007f2de0000ff0 Implicit null exception at 0x00007f2e530793e9 to 0x00007f2e5307959b
Event: 23.668 Thread 0x00007f2df85e7ea0 Exception <a 'sun/nio/fs/UnixException'{0x00000000f5f00340}> (0x00000000f5f00340) 
thrown [src/hotspot/share/prims/jni.cpp, line 516]
Event: 484.588 Thread 0x00007f2dd0036e80 Implicit null exception at 0x00007f2e531d51a1 to 0x00007f2e531d5370

VM Operations (20 events):
Event: 484.852 Executing VM operation: HandshakeAllThreads
Event: 484.852 Executing VM operation: HandshakeAllThreads done
Event: 485.852 Executing VM operation: Cleanup
Event: 485.853 Executing VM operation: Cleanup done
Event: 487.855 Executing VM operation: Cleanup
Event: 487.855 Executing VM operation: Cleanup done
Event: 489.856 Executing VM operation: Cleanup
Event: 489.856 Executing VM operation: Cleanup done
Event: 694.038 Executing VM operation: Cleanup
Event: 694.038 Executing VM operation: Cleanup done
Event: 1028.338 Executing VM operation: HandshakeAllThreads
Event: 1028.339 Executing VM operation: HandshakeAllThreads done
Event: 1028.339 Executing VM operation: Cleanup
Event: 1028.339 Executing VM operation: Cleanup done
Event: 1028.365 Executing VM operation: HandshakeAllThreads
Event: 1028.365 Executing VM operation: HandshakeAllThreads done
Event: 1029.365 Executing VM operation: Cleanup
Event: 1029.365 Executing VM operation: Cleanup done
Event: 1064.370 Executing VM operation: Cleanup
Event: 1064.371 Executing VM operation: Cleanup done

Events (20 events):
Event: 484.795 loading class java/util/regex/Pattern$Bound
Event: 484.795 loading class java/util/regex/Pattern$Bound done
Event: 484.937 Thread 0x00007f2dd0036e80 Thread exited: 0x00007f2dd0036e80
Event: 487.257 Thread 0x00007f2dd0036e80 Thread added: 0x00007f2dd0036e80
Event: 487.257 Protecting memory [0x00007f2e48700000,0x00007f2e48704000] with protection modes 0
Event: 487.318 Thread 0x00007f2dd0036e80 Thread exited: 0x00007f2dd0036e80
Event: 489.165 Thread 0x00007f2dd0036e80 Thread added: 0x00007f2dd0036e80
Event: 489.165 Protecting memory [0x00007f2e48700000,0x00007f2e48704000] with protection modes 0
Event: 489.171 Thread 0x00007f2dd0036e80 Thread exited: 0x00007f2dd0036e80
Event: 1028.256 Thread 0x00007f2dd0036e80 Thread added: 0x00007f2dd0036e80
Event: 1028.257 Protecting memory [0x00007f2e48700000,0x00007f2e48704000] with protection modes 0
Event: 1028.369 loading class java/util/AbstractList$SubList
Event: 1028.369 loading class java/util/AbstractList$SubList done
Event: 1028.369 loading class java/util/AbstractList$SubList$1
Event: 1028.370 loading class java/util/AbstractList$SubList$1 done
Event: 1028.469 Thread 0x00007f2dd0036e80 Thread exited: 0x00007f2dd0036e80
Event: 1063.619 Thread 0x00007f2dd0036e80 Thread added: 0x00007f2dd0036e80
Event: 1063.619 Protecting memory [0x00007f2e48700000,0x00007f2e48704000] with protection modes 0
Event: 1063.626 Thread 0x00007f2dd0036e80 Thread exited: 0x00007f2dd0036e80
Event: 1259.854 Thread 0x00007f2db8002290 Thread added: 0x00007f2db8002290


Dynamic libraries:
e0000000-eff80000 rw-p 00000000 00:00 0 
eff80000-f4b80000 rw-p 00000000 00:00 0 
f4b80000-f5580000 ---p 00000000 00:00 0 
f5580000-fdf80000 rw-p 00000000 00:00 0 
fdf80000-100000000 ---p 00000000 00:00 0 
800000000-800449000 rw-p 00001000 08:30 707969865                        /nix/store/gpxl5qgg8kicmcvivwmybwjlpf7wh20l-graalvm17-ce-22.3.0/lib/server/classes.jsa
800449000-800bc8000 r--p 0044a000 08:30 707969865                        /nix/store/gpxl5qgg8kicmcvivwmybwjlpf7wh20l-graalvm17-ce-22.3.0/lib/server/classes.jsa
800bc8000-800c00000 ---p 00000000 00:00 0 
800c00000-800c10000 rw-p 00000000 00:00 0 
800c10000-800c30000 rw-p 00000000 00:00 0 
800c30000-800cb0000 rw-p 00000000 00:00 0 
800cb0000-800cf0000 rw-p 00000000 00:00 0 
800cf0000-800db0000 rw-p 00000000 00:00 0 
800db0000-800df0000 rw-p 00000000 00:00 0 
800df0000-801050000 rw-p 00000000 00:00 0 
801050000-801090000 rw-p 00000000 00:00 0 
801090000-8010b0000 rw-p 00000000 00:00 0 
8010b0000-801210000 rw-p 00000000 00:00 0 
801210000-840c00000 ---p 00000000 00:00 0 
55c0283d7000-55c0283d8000 r-xp 00000000 08:30 672029940                  /nix/store/gpxl5qgg8kicmcvivwmybwjlpf7wh20l-graalvm17-ce-22.3.0/bin/.java-wrapped
55c0283d9000-55c0283da000 r--p 00001000 08:30 672029940                  /nix/store/gpxl5qgg8kicmcvivwmybwjlpf7wh20l-graalvm17-ce-22.3.0/bin/.java-wrapped
55c0283da000-55c0283db000 rw-p 00002000 08:30 672029940                  /nix/store/gpxl5qgg8kicmcvivwmybwjlpf7wh20l-graalvm17-ce-22.3.0/bin/.java-wrapped
55c0283db000-55c0283dc000 rw-p 00004000 08:30 672029940                  /nix/store/gpxl5qgg8kicmcvivwmybwjlpf7wh20l-graalvm17-ce-22.3.0/bin/.java-wrapped
55c0283dc000-55c0283dd000 rw-p 00005000 08:30 672029940                  /nix/store/gpxl5qgg8kicmcvivwmybwjlpf7wh20l-graalvm17-ce-22.3.0/bin/.java-wrapped
55c029a6d000-55c029ab5000 rw-p 00000000 00:00 0                          [heap]
7f2da0000000-7f2da0021000 rw-p 00000000 00:00 0 
7f2da0021000-7f2da4000000 ---p 00000000 00:00 0 
7f2da4000000-7f2da4021000 rw-p 00000000 00:00 0 
7f2da4021000-7f2da8000000 ---p 00000000 00:00 0 
7f2da8000000-7f2da8021000 rw-p 00000000 00:00 0 
7f2da8021000-7f2dac000000 ---p 00000000 00:00 0 
7f2dac000000-7f2dac0b9000 rw-p 00000000 00:00 0 
7f2dac0b9000-7f2db0000000 ---p 00000000 00:00 0 
7f2db0000000-7f2db0021000 rw-p 00000000 00:00 0 
7f2db0021000-7f2db4000000 ---p 00000000 00:00 0 
7f2db4000000-7f2db40cb000 rw-p 00000000 00:00 0 
7f2db40cb000-7f2db8000000 ---p 00000000 00:00 0 
7f2db8000000-7f2db8021000 rw-p 00000000 00:00 0 
7f2db8021000-7f2dbc000000 ---p 00000000 00:00 0 
7f2dbe4b3000-7f2dc8000000 r--s 00000000 08:30 707804677                  /nix/store/gpxl5qgg8kicmcvivwmybwjlpf7wh20l-graalvm17-ce-22.3.0/lib/modules
7f2dc8000000-7f2dc8021000 rw-p 00000000 00:00 0 
7f2dc8021000-7f2dcc000000 ---p 00000000 00:00 0 
7f2dcc800000-7f2dccc00000 rw-p 00000000 00:00 0 
7f2dccc00000-7f2dcd000000 ---p 00000000 00:00 0 
7f2dcd000000-7f2dcd0f0000 rw-p 00000000 00:00 0 
7f2dcd0f0000-7f2dcd190000 rw-p 00000000 00:00 0 
7f2dcd190000-7f2dcd200000 ---p 00000000 00:00 0 
7f2dcd200000-7f2dcd430000 rw-p 00000000 00:00 0 
7f2dcd430000-7f2dcd800000 rw-p 00000000 00:00 0 
7f2dcec00000-7f2dcf0f0000 rw-p 00000000 00:00 0 
7f2dcf0f0000-7f2dcf270000 rw-p 00000000 00:00 0 
7f2dcf270000-7f2dcf2f0000 rw-p 00000000 00:00 0 
7f2dcf2f0000-7f2dcf3f0000 rw-p 00000000 00:00 0 
7f2dcf3f0000-7f2dcf400000 rw-p 00000000 00:00 0 
7f2dcf800000-7f2dd0000000 rw-p 00000000 00:00 0 
7f2dd0000000-7f2dd01b8000 rw-p 00000000 00:00 0 
7f2dd01b8000-7f2dd4000000 ---p 00000000 00:00 0 
7f2dd4000000-7f2dd463d000 rw-p 00000000 00:00 0 
7f2dd463d000-7f2dd8000000 ---p 00000000 00:00 0 
7f2dd8000000-7f2dd8021000 rw-p 00000000 00:00 0 
7f2dd8021000-7f2ddc000000 ---p 00000000 00:00 0 
7f2ddc000000-7f2ddc021000 rw-p 00000000 00:00 0 
7f2ddc021000-7f2de0000000 ---p 00000000 00:00 0 
7f2de0000000-7f2de0047000 rw-p 00000000 00:00 0 
7f2de0047000-7f2de4000000 ---p 00000000 00:00 0 
7f2de4000000-7f2de4064000 rw-p 00000000 00:00 0 
7f2de4064000-7f2de8000000 ---p 00000000 00:00 0 
7f2de8000000-7f2de8021000 rw-p 00000000 00:00 0 
7f2de8021000-7f2dec000000 ---p 00000000 00:00 0 
7f2dec000000-7f2dec325000 rw-p 00000000 00:00 0 
7f2dec325000-7f2df0000000 ---p 00000000 00:00 0 
7f2df0000000-7f2df0021000 rw-p 00000000 00:00 0 
7f2df0021000-7f2df4000000 ---p 00000000 00:00 0 
7f2df4000000-7f2df4021000 rw-p 00000000 00:00 0 
7f2df4021000-7f2df8000000 ---p 00000000 00:00 0 
7f2df8000000-7f2df8873000 rw-p 00000000 00:00 0 
7f2df8873000-7f2dfc000000 ---p 00000000 00:00 0 
7f2dfc000000-7f2dfc021000 rw-p 00000000 00:00 0 
7f2dfc021000-7f2e00000000 ---p 00000000 00:00 0 
7f2e00000000-7f2e00021000 rw-p 00000000 00:00 0 
7f2e00021000-7f2e04000000 ---p 00000000 00:00 0 
7f2e04000000-7f2e04021000 rw-p 00000000 00:00 0 
7f2e04021000-7f2e08000000 ---p 00000000 00:00 0 
7f2e08000000-7f2e08021000 rw-p 00000000 00:00 0 
7f2e08021000-7f2e0c000000 ---p 00000000 00:00 0 
7f2e0cc00000-7f2e0cd70000 rw-p 00000000 00:00 0 
7f2e0cd70000-7f2e0cdf0000 rw-p 00000000 00:00 0 
7f2e0cdf0000-7f2e0d0f0000 rw-p 00000000 00:00 0 
7f2e0d0f0000-7f2e0d1f0000 rw-p 00000000 00:00 0 
7f2e0d1f0000-7f2e0d3f0000 rw-p 00000000 00:00 0 
7f2e0d3f0000-7f2e0d4f0000 rw-p 00000000 00:00 0 
7f2e0d4f0000-7f2e0d5f0000 rw-p 00000000 00:00 0 
7f2e0d5f0000-7f2e0daf0000 rw-p 00000000 00:00 0 
7f2e0daf0000-7f2e0dc00000 rw-p 00000000 00:00 0 
7f2e0de00000-7f2e0de10000 r-xp 00000000 00:dd4 295                       /home/runner/Histogram-AnishXX/.cache/jdt-language-server/config/org.eclipse.equinox.launcher/org.eclipse.equinox.launcher.gtk.linux.x86_64_1.2.400.v20211117-0650/eclipse_11600.so
7f2e0de10000-7f2e0e00f000 ---p 00010000 00:dd4 295                       /home/runner/Histogram-AnishXX/.cache/jdt-language-server/config/org.eclipse.equinox.launcher/org.eclipse.equinox.launcher.gtk.linux.x86_64_1.2.400.v20211117-0650/eclipse_11600.so
7f2e0e00f000-7f2e0e010000 r--p 0000f000 00:dd4 295                       /home/runner/Histogram-AnishXX/.cache/jdt-language-server/config/org.eclipse.equinox.launcher/org.eclipse.equinox.launcher.gtk.linux.x86_64_1.2.400.v20211117-0650/eclipse_11600.so
7f2e0e010000-7f2e0e011000 rw-p 00010000 00:dd4 295                       /home/runner/Histogram-AnishXX/.cache/jdt-language-server/config/org.eclipse.equinox.launcher/org.eclipse.equinox.launcher.gtk.linux.x86_64_1.2.400.v20211117-0650/eclipse_11600.so
7f2e0e0fe000-7f2e0e0ff000 ---p 00000000 00:00 0 
7f2e0e0ff000-7f2e0e200000 rw-p 00000000 00:00 0 
7f2e0fc00000-7f2e0fc04000 ---p 00000000 00:00 0 
7f2e0fc04000-7f2e0fd00000 rw-p 00000000 00:00 0 
7f2e0fd00000-7f2e0fd04000 ---p 00000000 00:00 0 
7f2e0fd04000-7f2e0fe00000 rw-p 00000000 00:00 0 
7f2e0fe00000-7f2e0fe04000 ---p 00000000 00:00 0 
7f2e0fe04000-7f2e0ff00000 rw-p 00000000 00:00 0 
7f2e0ff00000-7f2e0ff04000 ---p 00000000 00:00 0 
7f2e0ff04000-7f2e10000000 rw-p 00000000 00:00 0 
7f2e10100000-7f2e10104000 ---p 00000000 00:00 0 
7f2e10104000-7f2e10200000 rw-p 00000000 00:00 0 
7f2e10300000-7f2e10304000 ---p 00000000 00:00 0 
7f2e10304000-7f2e10400000 rw-p 00000000 00:00 0 
7f2e10500000-7f2e10504000 ---p 00000000 00:00 0 
7f2e10504000-7f2e10600000 rw-p 00000000 00:00 0 
7f2e10700000-7f2e10704000 ---p 00000000 00:00 0 
7f2e10704000-7f2e10800000 rw-p 00000000 00:00 0 
7f2e10800000-7f2e10804000 ---p 00000000 00:00 0 
7f2e10804000-7f2e10900000 rw-p 00000000 00:00 0 
7f2e10900000-7f2e10904000 ---p 00000000 00:00 0 
7f2e10904000-7f2e10a00000 rw-p 00000000 00:00 0 
7f2e11868000-7f2e11c00000 rw-p 00000000 00:00 0 
7f2e11c00000-7f2e13d6a000 r-xp 00000000 08:30 707802136                  /nix/store/gpxl5qgg8kicmcvivwmybwjlpf7wh20l-graalvm17-ce-22.3.0/lib/libjvmcicompiler.so
7f2e13d6a000-7f2e13f69000 ---p 0216a000 08:30 707802136                  /nix/store/gpxl5qgg8kicmcvivwmybwjlpf7wh20l-graalvm17-ce-22.3.0/lib/libjvmcicompiler.so
7f2e13f69000-7f2e13f6a000 r--p 02169000 08:30 707802136                  /nix/store/gpxl5qgg8kicmcvivwmybwjlpf7wh20l-graalvm17-ce-22.3.0/lib/libjvmcicompiler.so
7f2e13f6a000-7f2e13f6c000 rw-p 0216a000 08:30 707802136                  /nix/store/gpxl5qgg8kicmcvivwmybwjlpf7wh20l-graalvm17-ce-22.3.0/lib/libjvmcicompiler.so
7f2e13f6c000-7f2e13f6d000 rw-p 00000000 00:00 0 
7f2e13f6d000-7f2e13f72000 rw-p 023c3000 08:30 707802136                  /nix/store/gpxl5qgg8kicmcvivwmybwjlpf7wh20l-graalvm17-ce-22.3.0/lib/libjvmcicompiler.so
7f2e14000000-7f2e14021000 rw-p 00000000 00:00 0 
7f2e14021000-7f2e18000000 ---p 00000000 00:00 0 
7f2e18000000-7f2e18021000 rw-p 00000000 00:00 0 
7f2e18021000-7f2e1c000000 ---p 00000000 00:00 0 
7f2e1c000000-7f2e1c021000 rw-p 00000000 00:00 0 
7f2e1c021000-7f2e20000000 ---p 00000000 00:00 0 
7f2e20000000-7f2e20021000 rw-p 00000000 00:00 0 
7f2e20021000-7f2e24000000 ---p 00000000 00:00 0 
7f2e24000000-7f2e240c4000 rw-p 00000000 00:00 0 
7f2e240c4000-7f2e28000000 ---p 00000000 00:00 0 
7f2e28000000-7f2e28b76000 rw-p 00000000 00:00 0 
7f2e28b76000-7f2e2c000000 ---p 00000000 00:00 0 
7f2e2c000000-7f2e2c021000 rw-p 00000000 00:00 0 
7f2e2c021000-7f2e30000000 ---p 00000000 00:00 0 
7f2e30000000-7f2e30021000 rw-p 00000000 00:00 0 
7f2e30021000-7f2e34000000 ---p 00000000 00:00 0 
7f2e34000000-7f2e34021000 rw-p 00000000 00:00 0 
7f2e34021000-7f2e38000000 ---p 00000000 00:00 0 
7f2e38000000-7f2e38021000 rw-p 00000000 00:00 0 
7f2e38021000-7f2e3c000000 ---p 00000000 00:00 0 
7f2e3c000000-7f2e3c021000 rw-p 00000000 00:00 0 
7f2e3c021000-7f2e40000000 ---p 00000000 00:00 0 
7f2e40000000-7f2e40021000 rw-p 00000000 00:00 0 
7f2e40021000-7f2e44000000 ---p 00000000 00:00 0 
7f2e44000000-7f2e44027000 rw-p 00000000 00:00 0 
7f2e44027000-7f2e48004000 ---p 00000000 00:00 0 
7f2e48004000-7f2e48100000 rw-p 00000000 00:00 0 
7f2e48200000-7f2e48204000 ---p 00000000 00:00 0 
7f2e48204000-7f2e48300000 rw-p 00000000 00:00 0 
7f2e48400000-7f2e48404000 ---p 00000000 00:00 0 
7f2e48404000-7f2e48500000 rw-p 00000000 00:00 0 
7f2e48500000-7f2e48504000 ---p 00000000 00:00 0 
7f2e48504000-7f2e48600000 rw-p 00000000 00:00 0 
7f2e48600000-7f2e48604000 ---p 00000000 00:00 0 
7f2e48604000-7f2e48700000 rw-p 00000000 00:00 0 
7f2e48700000-7f2e48704000 ---p 00000000 00:00 0 
7f2e48704000-7f2e48800000 rw-p 00000000 00:00 0 
7f2e48800000-7f2e48804000 ---p 00000000 00:00 0 
7f2e48804000-7f2e48900000 rw-p 00000000 00:00 0 
7f2e48900000-7f2e48904000 ---p 00000000 00:00 0 
7f2e48904000-7f2e48a00000 rw-p 00000000 00:00 0 
7f2e48a00000-7f2e48a04000 ---p 00000000 00:00 0 
7f2e48a04000-7f2e48b00000 rw-p 00000000 00:00 0 
7f2e48b00000-7f2e48b04000 ---p 00000000 00:00 0 
7f2e48b04000-7f2e48c00000 rw-p 00000000 00:00 0 
7f2e48c00000-7f2e48c04000 ---p 00000000 00:00 0 
7f2e48c04000-7f2e48d00000 rw-p 00000000 00:00 0 
7f2e48e18000-7f2e48e19000 ---p 00000000 00:00 0 
7f2e48e19000-7f2e48f1a000 rw-p 00000000 00:00 0 
7f2e48f1a000-7f2e48f1e000 ---p 00000000 00:00 0 
7f2e48f1e000-7f2e4901a000 rw-p 00000000 00:00 0 
7f2e4901a000-7f2e4901e000 ---p 00000000 00:00 0 
7f2e4901e000-7f2e4911a000 rw-p 00000000 00:00 0 
7f2e4911a000-7f2e4911e000 ---p 00000000 00:00 0 
7f2e4911e000-7f2e4921a000 rw-p 00000000 00:00 0 
7f2e4921a000-7f2e4921e000 ---p 00000000 00:00 0 
7f2e4921e000-7f2e4941a000 rw-p 00000000 00:00 0 
7f2e4941a000-7f2e4941e000 ---p 00000000 00:00 0 
7f2e4941e000-7f2e4961a000 rw-p 00000000 00:00 0 
7f2e4961a000-7f2e4961e000 ---p 00000000 00:00 0 
7f2e4961e000-7f2e4971a000 rw-p 00000000 00:00 0 
7f2e4971a000-7f2e4971e000 ---p 00000000 00:00 0 
7f2e4971e000-7f2e4981a000 rw-p 00000000 00:00 0 
7f2e4981a000-7f2e4981e000 ---p 00000000 00:00 0 
7f2e4981e000-7f2e4991a000 rw-p 00000000 00:00 0 
7f2e4991a000-7f2e49c00000 r--p 00000000 fc:00 28444448                   /usr/lib/locale/locale-archive
7f2e49c00000-7f2e49ff0000 rw-p 00000000 00:00 0 
7f2e49ff0000-7f2e4a2f0000 rw-p 00000000 00:00 0 
7f2e4a2f0000-7f2e4a400000 rw-p 00000000 00:00 0 
7f2e4a4b3000-7f2e4b4b3000 rw-p 00000000 00:00 0 
7f2e4b4b3000-7f2e4b723000 rwxp 00000000 00:00 0 
7f2e4b723000-7f2e4ba42000 ---p 00000000 00:00 0 
7f2e4ba42000-7f2e4c902000 rwxp 00000000 00:00 0 
7f2e4c902000-7f2e52f7a000 ---p 00000000 00:00 0 
7f2e52f7a000-7f2e5323a000 rwxp 00000000 00:00 0 
7f2e5323a000-7f2e5a4b3000 ---p 00000000 00:00 0 
7f2e5a4b3000-7f2e64000000 r--s 00000000 08:30 707804677                  /nix/store/gpxl5qgg8kicmcvivwmybwjlpf7wh20l-graalvm17-ce-22.3.0/lib/modules
7f2e64000000-7f2e6444a000 rw-p 00000000 00:00 0 
7f2e6444a000-7f2e68000000 ---p 00000000 00:00 0 
7f2e6802e000-7f2e68030000 r-xp 00000000 08:30 707802113                  /nix/store/gpxl5qgg8kicmcvivwmybwjlpf7wh20l-graalvm17-ce-22.3.0/lib/libextnet.so
7f2e68030000-7f2e68031000 r--p 00001000 08:30 707802113                  /nix/store/gpxl5qgg8kicmcvivwmybwjlpf7wh20l-graalvm17-ce-22.3.0/lib/libextnet.so
7f2e68031000-7f2e68032000 rw-p 00002000 08:30 707802113                  /nix/store/gpxl5qgg8kicmcvivwmybwjlpf7wh20l-graalvm17-ce-22.3.0/lib/libextnet.so
7f2e68032000-7f2e68033000 rw-p 00004000 08:30 707802113                  /nix/store/gpxl5qgg8kicmcvivwmybwjlpf7wh20l-graalvm17-ce-22.3.0/lib/libextnet.so
7f2e68033000-7f2e68037000 ---p 00000000 00:00 0 
7f2e68037000-7f2e68055000 rw-p 00000000 00:00 0 
7f2e68055000-7f2e6805c000 r-xp 00000000 08:30 707804676                  /nix/store/gpxl5qgg8kicmcvivwmybwjlpf7wh20l-graalvm17-ce-22.3.0/lib/libzip.so
7f2e6805c000-7f2e6805d000 ---p 00007000 08:30 707804676                  /nix/store/gpxl5qgg8kicmcvivwmybwjlpf7wh20l-graalvm17-ce-22.3.0/lib/libzip.so
7f2e6805d000-7f2e6805e000 r--p 00007000 08:30 707804676                  /nix/store/gpxl5qgg8kicmcvivwmybwjlpf7wh20l-graalvm17-ce-22.3.0/lib/libzip.so
7f2e6805e000-7f2e6805f000 rw-p 00008000 08:30 707804676                  /nix/store/gpxl5qgg8kicmcvivwmybwjlpf7wh20l-graalvm17-ce-22.3.0/lib/libzip.so
7f2e6805f000-7f2e68061000 rw-p 0000b000 08:30 707804676                  /nix/store/gpxl5qgg8kicmcvivwmybwjlpf7wh20l-graalvm17-ce-22.3.0/lib/libzip.so
7f2e68061000-7f2e68076000 r-xp 00000000 08:30 707804666                  /nix/store/gpxl5qgg8kicmcvivwmybwjlpf7wh20l-graalvm17-ce-22.3.0/lib/libnet.so
7f2e68076000-7f2e68077000 ---p 00015000 08:30 707804666                  /nix/store/gpxl5qgg8kicmcvivwmybwjlpf7wh20l-graalvm17-ce-22.3.0/lib/libnet.so
7f2e68077000-7f2e68078000 r--p 00015000 08:30 707804666                  /nix/store/gpxl5qgg8kicmcvivwmybwjlpf7wh20l-graalvm17-ce-22.3.0/lib/libnet.so
7f2e68078000-7f2e68079000 rw-p 00016000 08:30 707804666                  /nix/store/gpxl5qgg8kicmcvivwmybwjlpf7wh20l-graalvm17-ce-22.3.0/lib/libnet.so
7f2e68079000-7f2e6807c000 rw-p 0001b000 08:30 707804666                  /nix/store/gpxl5qgg8kicmcvivwmybwjlpf7wh20l-graalvm17-ce-22.3.0/lib/libnet.so
7f2e6807c000-7f2e6808f000 r-xp 00000000 08:30 707804667                  /nix/store/gpxl5qgg8kicmcvivwmybwjlpf7wh20l-graalvm17-ce-22.3.0/lib/libnio.so
7f2e6808f000-7f2e68090000 r--p 00012000 08:30 707804667                  /nix/store/gpxl5qgg8kicmcvivwmybwjlpf7wh20l-graalvm17-ce-22.3.0/lib/libnio.so
7f2e68090000-7f2e68091000 rw-p 00013000 08:30 707804667                  /nix/store/gpxl5qgg8kicmcvivwmybwjlpf7wh20l-graalvm17-ce-22.3.0/lib/libnio.so
7f2e68091000-7f2e68096000 rw-p 00019000 08:30 707804667                  /nix/store/gpxl5qgg8kicmcvivwmybwjlpf7wh20l-graalvm17-ce-22.3.0/lib/libnio.so
7f2e68096000-7f2e6809a000 ---p 00000000 00:00 0 
7f2e6809a000-7f2e68196000 rw-p 00000000 00:00 0 
7f2e68196000-7f2e6819a000 ---p 00000000 00:00 0 
7f2e6819a000-7f2e68296000 rw-p 00000000 00:00 0 
7f2e68296000-7f2e68297000 ---p 00000000 00:00 0 
7f2e68297000-7f2e68398000 rw-p 00000000 00:00 0 
7f2e68398000-7f2e68466000 r-xp 00000000 08:30 707802132                  /nix/store/gpxl5qgg8kicmcvivwmybwjlpf7wh20l-graalvm17-ce-22.3.0/lib/libjsvml.so
7f2e68466000-7f2e68467000 r--p 000cd000 08:30 707802132                  /nix/store/gpxl5qgg8kicmcvivwmybwjlpf7wh20l-graalvm17-ce-22.3.0/lib/libjsvml.so
7f2e68467000-7f2e68468000 rw-p 000ce000 08:30 707802132                  /nix/store/gpxl5qgg8kicmcvivwmybwjlpf7wh20l-graalvm17-ce-22.3.0/lib/libjsvml.so
7f2e68468000-7f2e6903e000 rw-p 00000000 00:00 0 
7f2e6903e000-7f2e69043000 ---p 00000000 00:00 0 
7f2e69043000-7f2e69044000 ---p 00000000 00:00 0 
7f2e69044000-7f2e691c5000 rw-p 00000000 00:00 0 
7f2e691c5000-7f2e691eb000 rw-p 00000000 00:00 0 
7f2e691eb000-7f2e691ef000 ---p 00000000 00:00 0 
7f2e691ef000-7f2e6922f000 rw-p 00000000 00:00 0 
7f2e6922f000-7f2e69235000 rw-p 00000000 00:00 0 
7f2e69235000-7f2e69245000 ---p 00000000 00:00 0 
7f2e69245000-7f2e6924c000 rw-p 00000000 00:00 0 
7f2e6924c000-7f2e69331000 ---p 00000000 00:00 0 
7f2e69331000-7f2e6934f000 rw-p 00000000 00:00 0 
7f2e6934f000-7f2e6941c000 ---p 00000000 00:00 0 
7f2e6941c000-7f2e69421000 rw-p 00000000 00:00 0 
7f2e69421000-7f2e69428000 ---p 00000000 00:00 0 
7f2e69428000-7f2e6944c000 r-xp 00000000 08:30 707802124                  /nix/store/gpxl5qgg8kicmcvivwmybwjlpf7wh20l-graalvm17-ce-22.3.0/lib/libjava.so
7f2e6944c000-7f2e6944d000 ---p 00024000 08:30 707802124                  /nix/store/gpxl5qgg8kicmcvivwmybwjlpf7wh20l-graalvm17-ce-22.3.0/lib/libjava.so
7f2e6944d000-7f2e6944e000 r--p 00024000 08:30 707802124                  /nix/store/gpxl5qgg8kicmcvivwmybwjlpf7wh20l-graalvm17-ce-22.3.0/lib/libjava.so
7f2e6944e000-7f2e6944f000 rw-p 00025000 08:30 707802124                  /nix/store/gpxl5qgg8kicmcvivwmybwjlpf7wh20l-graalvm17-ce-22.3.0/lib/libjava.so
7f2e6944f000-7f2e69450000 rw-p 00000000 00:00 0 
7f2e69450000-7f2e69457000 rw-p 0002f000 08:30 707802124                  /nix/store/gpxl5qgg8kicmcvivwmybwjlpf7wh20l-graalvm17-ce-22.3.0/lib/libjava.so
7f2e69457000-7f2e6945f000 rw-s 00000000 00:d9 396                        /tmp/hsperfdata_runner/33
7f2e6945f000-7f2e69460000 ---p 00000000 00:00 0 
7f2e69460000-7f2e69461000 r--p 00000000 00:00 0 
7f2e69461000-7f2e69462000 ---p 00000000 00:00 0 
7f2e69462000-7f2e6947d000 r-xp 00000000 08:30 707802128                  /nix/store/gpxl5qgg8kicmcvivwmybwjlpf7wh20l-graalvm17-ce-22.3.0/lib/libjimage.so
7f2e6947d000-7f2e6947e000 ---p 0001b000 08:30 707802128                  /nix/store/gpxl5qgg8kicmcvivwmybwjlpf7wh20l-graalvm17-ce-22.3.0/lib/libjimage.so
7f2e6947e000-7f2e69480000 r--p 0001b000 08:30 707802128                  /nix/store/gpxl5qgg8kicmcvivwmybwjlpf7wh20l-graalvm17-ce-22.3.0/lib/libjimage.so
7f2e69480000-7f2e69481000 rw-p 0001d000 08:30 707802128                  /nix/store/gpxl5qgg8kicmcvivwmybwjlpf7wh20l-graalvm17-ce-22.3.0/lib/libjimage.so
7f2e69481000-7f2e69482000 rw-p 00024000 08:30 707802128                  /nix/store/gpxl5qgg8kicmcvivwmybwjlpf7wh20l-graalvm17-ce-22.3.0/lib/libjimage.so
7f2e69482000-7f2e69486000 ---p 00000000 00:00 0 
7f2e69486000-7f2e69582000 rw-p 00000000 00:00 0 
7f2e69582000-7f2e69590000 r--p 00000000 08:30 600592023                  /nix/store/4nlgxhb09sdr51nc9hdm8az5b08vzkgx-glibc-2.35-163/lib/libm.so.6
7f2e69590000-7f2e69603000 r-xp 0000e000 08:30 600592023                  /nix/store/4nlgxhb09sdr51nc9hdm8az5b08vzkgx-glibc-2.35-163/lib/libm.so.6
7f2e69603000-7f2e69660000 r--p 00081000 08:30 600592023                  /nix/store/4nlgxhb09sdr51nc9hdm8az5b08vzkgx-glibc-2.35-163/lib/libm.so.6
7f2e69660000-7f2e69661000 r--p 000dd000 08:30 600592023                  /nix/store/4nlgxhb09sdr51nc9hdm8az5b08vzkgx-glibc-2.35-163/lib/libm.so.6
7f2e69661000-7f2e69662000 rw-p 000de000 08:30 600592023                  /nix/store/4nlgxhb09sdr51nc9hdm8az5b08vzkgx-glibc-2.35-163/lib/libm.so.6
7f2e69662000-7f2e69663000 r--p 00000000 08:30 600592042                  /nix/store/4nlgxhb09sdr51nc9hdm8az5b08vzkgx-glibc-2.35-163/lib/librt.so.1
7f2e69663000-7f2e69664000 r-xp 00001000 08:30 600592042                  /nix/store/4nlgxhb09sdr51nc9hdm8az5b08vzkgx-glibc-2.35-163/lib/librt.so.1
7f2e69664000-7f2e69665000 r--p 00002000 08:30 600592042                  /nix/store/4nlgxhb09sdr51nc9hdm8az5b08vzkgx-glibc-2.35-163/lib/librt.so.1
7f2e69665000-7f2e69666000 r--p 00002000 08:30 600592042                  /nix/store/4nlgxhb09sdr51nc9hdm8az5b08vzkgx-glibc-2.35-163/lib/librt.so.1
7f2e69666000-7f2e69667000 rw-p 00003000 08:30 600592042                  /nix/store/4nlgxhb09sdr51nc9hdm8az5b08vzkgx-glibc-2.35-163/lib/librt.so.1
7f2e69667000-7f2e6a77a000 r-xp 00000000 08:30 707972962                  /nix/store/gpxl5qgg8kicmcvivwmybwjlpf7wh20l-graalvm17-ce-22.3.0/lib/server/libjvm.so
7f2e6a77a000-7f2e6a77b000 ---p 01113000 08:30 707972962                  /nix/store/gpxl5qgg8kicmcvivwmybwjlpf7wh20l-graalvm17-ce-22.3.0/lib/server/libjvm.so
7f2e6a77b000-7f2e6a830000 r--p 01113000 08:30 707972962                  /nix/store/gpxl5qgg8kicmcvivwmybwjlpf7wh20l-graalvm17-ce-22.3.0/lib/server/libjvm.so
7f2e6a830000-7f2e6a864000 rw-p 011c8000 08:30 707972962                  /nix/store/gpxl5qgg8kicmcvivwmybwjlpf7wh20l-graalvm17-ce-22.3.0/lib/server/libjvm.so
7f2e6a864000-7f2e6a8c0000 rw-p 00000000 00:00 0 
7f2e6a8c0000-7f2e6a8e8000 r--p 00000000 08:30 600592014                  /nix/store/4nlgxhb09sdr51nc9hdm8az5b08vzkgx-glibc-2.35-163/lib/libc.so.6
7f2e6a8e8000-7f2e6aa5e000 r-xp 00028000 08:30 600592014                  /nix/store/4nlgxhb09sdr51nc9hdm8az5b08vzkgx-glibc-2.35-163/lib/libc.so.6
7f2e6aa5e000-7f2e6aab6000 r--p 0019e000 08:30 600592014                  /nix/store/4nlgxhb09sdr51nc9hdm8az5b08vzkgx-glibc-2.35-163/lib/libc.so.6
7f2e6aab6000-7f2e6aaba000 r--p 001f6000 08:30 600592014                  /nix/store/4nlgxhb09sdr51nc9hdm8az5b08vzkgx-glibc-2.35-163/lib/libc.so.6
7f2e6aaba000-7f2e6aabc000 rw-p 001fa000 08:30 600592014                  /nix/store/4nlgxhb09sdr51nc9hdm8az5b08vzkgx-glibc-2.35-163/lib/libc.so.6
7f2e6aabc000-7f2e6aacb000 rw-p 00000000 00:00 0 
7f2e6aacb000-7f2e6aacc000 r--p 00000000 08:30 600592019                  /nix/store/4nlgxhb09sdr51nc9hdm8az5b08vzkgx-glibc-2.35-163/lib/libdl.so.2
7f2e6aacc000-7f2e6aacd000 r-xp 00001000 08:30 600592019                  /nix/store/4nlgxhb09sdr51nc9hdm8az5b08vzkgx-glibc-2.35-163/lib/libdl.so.2
7f2e6aacd000-7f2e6aace000 r--p 00002000 08:30 600592019                  /nix/store/4nlgxhb09sdr51nc9hdm8az5b08vzkgx-glibc-2.35-163/lib/libdl.so.2
7f2e6aace000-7f2e6aacf000 r--p 00002000 08:30 600592019                  /nix/store/4nlgxhb09sdr51nc9hdm8az5b08vzkgx-glibc-2.35-163/lib/libdl.so.2
7f2e6aacf000-7f2e6aad0000 rw-p 00003000 08:30 600592019                  /nix/store/4nlgxhb09sdr51nc9hdm8az5b08vzkgx-glibc-2.35-163/lib/libdl.so.2
7f2e6aad0000-7f2e6aad1000 r--p 00000000 08:30 600592038                  /nix/store/4nlgxhb09sdr51nc9hdm8az5b08vzkgx-glibc-2.35-163/lib/libpthread.so.0
7f2e6aad1000-7f2e6aad2000 r-xp 00001000 08:30 600592038                  /nix/store/4nlgxhb09sdr51nc9hdm8az5b08vzkgx-glibc-2.35-163/lib/libpthread.so.0
7f2e6aad2000-7f2e6aad3000 r--p 00002000 08:30 600592038                  /nix/store/4nlgxhb09sdr51nc9hdm8az5b08vzkgx-glibc-2.35-163/lib/libpthread.so.0
7f2e6aad3000-7f2e6aad4000 r--p 00002000 08:30 600592038                  /nix/store/4nlgxhb09sdr51nc9hdm8az5b08vzkgx-glibc-2.35-163/lib/libpthread.so.0
7f2e6aad4000-7f2e6aad5000 rw-p 00003000 08:30 600592038                  /nix/store/4nlgxhb09sdr51nc9hdm8az5b08vzkgx-glibc-2.35-163/lib/libpthread.so.0
7f2e6aad5000-7f2e6aae3000 r-xp 00000000 08:30 707802129                  /nix/store/gpxl5qgg8kicmcvivwmybwjlpf7wh20l-graalvm17-ce-22.3.0/lib/libjli.so
7f2e6aae3000-7f2e6aae4000 ---p 0000e000 08:30 707802129                  /nix/store/gpxl5qgg8kicmcvivwmybwjlpf7wh20l-graalvm17-ce-22.3.0/lib/libjli.so
7f2e6aae4000-7f2e6aae5000 r--p 0000e000 08:30 707802129                  /nix/store/gpxl5qgg8kicmcvivwmybwjlpf7wh20l-graalvm17-ce-22.3.0/lib/libjli.so
7f2e6aae5000-7f2e6aae6000 rw-p 0000f000 08:30 707802129                  /nix/store/gpxl5qgg8kicmcvivwmybwjlpf7wh20l-graalvm17-ce-22.3.0/lib/libjli.so
7f2e6aae6000-7f2e6aae7000 rw-p 00012000 08:30 707802129                  /nix/store/gpxl5qgg8kicmcvivwmybwjlpf7wh20l-graalvm17-ce-22.3.0/lib/libjli.so
7f2e6aae7000-7f2e6aaea000 r--p 00000000 08:30 678822167                  /nix/store/026hln0aq1hyshaxsdvhg0kmcm6yf45r-zlib-1.2.13/lib/libz.so.1.2.13
7f2e6aaea000-7f2e6aafc000 r-xp 00003000 08:30 678822167                  /nix/store/026hln0aq1hyshaxsdvhg0kmcm6yf45r-zlib-1.2.13/lib/libz.so.1.2.13
7f2e6aafc000-7f2e6ab03000 r--p 00015000 08:30 678822167                  /nix/store/026hln0aq1hyshaxsdvhg0kmcm6yf45r-zlib-1.2.13/lib/libz.so.1.2.13
7f2e6ab03000-7f2e6ab04000 r--p 0001b000 08:30 678822167                  /nix/store/026hln0aq1hyshaxsdvhg0kmcm6yf45r-zlib-1.2.13/lib/libz.so.1.2.13
7f2e6ab04000-7f2e6ab05000 rw-p 0001c000 08:30 678822167                  /nix/store/026hln0aq1hyshaxsdvhg0kmcm6yf45r-zlib-1.2.13/lib/libz.so.1.2.13
7f2e6ab05000-7f2e6ab07000 rw-p 00000000 00:00 0 
7f2e6ab07000-7f2e6ab09000 r--p 00000000 08:30 600592008                  /nix/store/4nlgxhb09sdr51nc9hdm8az5b08vzkgx-glibc-2.35-163/lib/ld-linux-x86-64.so.2
7f2e6ab09000-7f2e6ab30000 r-xp 00002000 08:30 600592008                  /nix/store/4nlgxhb09sdr51nc9hdm8az5b08vzkgx-glibc-2.35-163/lib/ld-linux-x86-64.so.2
7f2e6ab30000-7f2e6ab3c000 r--p 00029000 08:30 600592008                  /nix/store/4nlgxhb09sdr51nc9hdm8az5b08vzkgx-glibc-2.35-163/lib/ld-linux-x86-64.so.2
7f2e6ab3c000-7f2e6ab3e000 r--p 00034000 08:30 600592008                  /nix/store/4nlgxhb09sdr51nc9hdm8az5b08vzkgx-glibc-2.35-163/lib/ld-linux-x86-64.so.2
7f2e6ab3e000-7f2e6ab40000 rw-p 00036000 08:30 600592008                  /nix/store/4nlgxhb09sdr51nc9hdm8az5b08vzkgx-glibc-2.35-163/lib/ld-linux-x86-64.so.2
7ffd31a40000-7ffd31a64000 rw-p 00000000 00:00 0                          [stack]
7ffd31a9f000-7ffd31aa3000 r--p 00000000 00:00 0                          [vvar]
7ffd31aa3000-7ffd31aa5000 r-xp 00000000 00:00 0                          [vdso]
ffffffffff600000-ffffffffff601000 --xp 00000000 00:00 0                  [vsyscall]


VM Arguments:
jvm_args: -XX:ThreadPriorityPolicy=1 -XX:+UnlockExperimentalVMOptions -XX:+EnableJVMCIProduct -XX:JVMCIThreadsPerNativeLibraryRuntime=1 -XX:-UnlockExperimentalVMOptions -Declipse.application=org.eclipse.jdt.ls.core.id1 -Dosgi.bundles.defaultStartLevel=4 -Declipse.product=org.eclipse.jdt.ls.core.product -Dlog.level=ALL -Xverify:none -XX:+UseParallelGC -XX:GCTimeRatio=4 -XX:AdaptiveSizePolicyWeight=90 -Dsun.zip.disableMemoryMapping=true -Xmx512m -Xms100m 
java_command: /nix/store/q9712qvwdh22a4krw4jz2sjrz07mvjbl-jdt-language-server-1.9.0/share/java/plugins/org.eclipse.equinox.launcher_1.6.400.v20210924-0641.jar --add-modules=ALL-SYSTEM --add-opens java.base/java.util=ALL-UNNAMED --add-opens java.base/java.lang=ALL-UNNAMED -configuration /home/runner/Histogram-AnishXX/.cache/jdt-language-server/config -data /home/runner/.cache/jdt-language-server/data/home/runner/Histogram-AnishXX
java_class_path (initial): /nix/store/q9712qvwdh22a4krw4jz2sjrz07mvjbl-jdt-language-server-1.9.0/share/java/plugins/org.eclipse.equinox.launcher_1.6.400.v20210924-0641.jar
Launcher Type: SUN_STANDARD

[Global flags]
    uintx AdaptiveSizePolicyWeight                 = 90                                        {product} {command line}
     intx CICompilerCount                          = 2                                         {product} {ergonomic}
     bool EnableJVMCIProduct                       = true                                {JVMCI product} {jimage}
    uintx GCTimeRatio                              = 4                                         {product} {command line}
   size_t InitialHeapSize                          = 104857600                                 {product} {command line}
     uint JVMCIThreadsPerNativeLibraryRuntime      = 1                                   {JVMCI product} {jimage}
   size_t MaxHeapSize                              = 536870912                                 {product} {command line}
   size_t MaxNewSize                               = 178782208                                 {product} {ergonomic}
   size_t MinHeapDeltaBytes                        = 524288                                    {product} {ergonomic}
   size_t MinHeapSize                              = 104857600                                 {product} {command line}
   size_t NewSize                                  = 34603008                                  {product} {ergonomic}
    uintx NonNMethodCodeHeapSize                   = 5826188                                {pd product} {ergonomic}
    uintx NonProfiledCodeHeapSize                  = 122916026                              {pd product} {ergonomic}
   size_t OldSize                                  = 70254592                                  {product} {ergonomic}
    uintx ProfiledCodeHeapSize                     = 122916026                              {pd product} {ergonomic}
    uintx ReservedCodeCacheSize                    = 251658240                              {pd product} {ergonomic}
     bool SegmentedCodeCache                       = true                                      {product} {ergonomic}
   size_t SoftMaxHeapSize                          = 536870912                              {manageable} {ergonomic}
     intx ThreadPriorityPolicy                     = 1                                         {product} {jimage}
     bool UseCompressedClassPointers               = true                           {product lp64_product} {ergonomic}
     bool UseCompressedOops                        = true                           {product lp64_product} {ergonomic}
     bool UseParallelGC                            = true                                      {product} {command line}

Logging:
Log output configuration:
 #0: stdout all=warning uptime,level,tags
 #1: stderr all=off uptime,level,tags

Environment Variables:
JAVA_HOME=/nix/store/gpxl5qgg8kicmcvivwmybwjlpf7wh20l-graalvm17-ce-22.3.0
PATH=/nix/store/1d6ian3r8kdzspw8hacjhl3xkp40g1lj-binutils-wrapper-2.39/bin:/nix/store/dq0xwmsk1g0i2ayg6pb7y87na2knzylh-gcc-wrapper-11.3.0/bin:/nix/store/bap4d0lpcrhpwmpb8ayjcgkmvfj62lnq-bash-interactive-5.1-p16/bin:/nix/store/pr5n59mb4jzmfx6kanwxly0l07p861fg-patchelf-0.15.0/bin:/nix/store/1gf2flfqnpqbr1b4p4qz2f72y42bs56r-gcc-11.3.0/bin:/nix/store/57xv61c5zi8pphjbcwxxjlgc34p61ic9-glibc-2.35-163-bin/bin:/nix/store/a7gvj343m05j2s32xcnwr35v31ynlypr-coreutils-9.1/bin:/nix/store/039g378vc3pc3dvi9dzdlrd0i4q93qwf-binutils-2.39/bin:/nix/store/gpxl5qgg8kicmcvivwmybwjlpf7wh20l-graalvm17-ce-22.3.0/bin:/nix/store/6z9ag3ihc8mq2hzsw48lhbznvzny65nz-apache-maven-3.8.6/bin:/nix/store/q9712qvwdh22a4krw4jz2sjrz07mvjbl-jdt-language-server-1.9.0/bin:/nix/store/9zdrgm97n766nc0kj11x4xvvp00qlfk9-java-debug/bin:/nix/store/mydc6f4k2z73xlcz7ilif3v2lcaiqvza-findutils-4.9.0/bin:/nix/store/j9p3g8472iijd50vhdprx0nmk2fqn5gv-diffutils-3.8/bin:/nix/store/89zs7rms6x00xfq4dq6m7mjnhkr8a6r4-gnused-4.8/bin:/nix/store/86bp03jkmsl6f92w0yzg4s59g5mhxwmy-gnugrep-3.7/bin:/nix/store/hwcdqw4jrjnd37wxqgsd47hd0j8bnj09-gawk-5.1.1/bin:/nix/store/cfbhw8r8ags41vwqaz47r583d0p4h4a1-gnutar-1.34/bin:/nix/store/p3m1ndl1lapwrlh698bnb5lvvxh67378-gzip-1.12/bin:/nix/store/a8mhcagrsly7c7mpjrpsnaahk4aax056-bzip2-1.0.8-bin/bin:/nix/store/mblgz65m3zv9x548a3d5m96fj2pbwr09-gnumake-4.3/bin:/nix/store/dsd5gz46hdbdk2rfdimqddhq6m8m8fqs-bash-5.1-p16/bin:/nix/store/v7ljksji50mg3w61dykaa3n3y79n6nil-patch-2.7.6/bin:/nix/store/zlcnmqq14jz5x9439jf937mvayyl63da-xz-5.2.7-bin/bin:/nix/store/y6aj732zm9m87c82fpvf103a1xb22blp-file-5.43/bin:/nix/store/yq0vlv3d2f5si3ibawpq5ay2pc6knixp-nix-2.18.0pre20230808_c0e6466/bin:/nix/store/i4kzir3m7mrisxmf5xvlnkw01x4qaqr4-prybar-elisp-0.0.0-e0d9a52/bin:/nix/store/lwwivxf6h7x3cvxp9zv8sj0mv7dak99r-prybar-lua-0.0.0-e0d9a52/bin:/nix/store/gxj28g1cg4hq3qanmjv07156h800qr58-prybar-python3-0.0.0-e0d9a52/bin:/nix/store/hshkjnxrgidigf8x75vg6lqng2xlx9i3-prybar-sqlite-0.0.0-e0d9a52/bin:/nix/store/c4w01bpjgyy5ixmwdk8m1pw87zq4sl
LD_LIBRARY_PATH=/nix/store/a4pff549sk2idnkpzk5nsfps3mdkdnvm-cups-2.4.2-lib/lib:/nix/store/72mqxxhh3cy5yifh92wh2yb8cl2hikyy-cairo-1.16.0/lib:/nix/store/2k366jrbsra97gjfxwvrhvixjfxdach5-glib-2.74.1/lib:/nix/store/2j2znigd8ak37rlwh9khz0ry3clqlw1l-gtk+3-3.24.34/lib
DISPLAY=:0
LANG=en_US.UTF-8

Signal Handlers:
   SIGSEGV: crash_handler in libjvm.so, mask=11100100010111111101111111111110, flags=SA_RESTART|SA_SIGINFO
    SIGBUS: crash_handler in libjvm.so, mask=11100100010111111101111111111110, flags=SA_RESTART|SA_SIGINFO
    SIGFPE: crash_handler in libjvm.so, mask=11100100010111111101111111111110, flags=SA_RESTART|SA_SIGINFO
   SIGPIPE: IsolateEnterStub_IgnoreSIGPIPEStartupHook_noopSignalHandler_8f19bff2f35b5f630d83b364d6b2339320d4ec70_216e8361c6bc87a8f89f58cc10d3b2fd4415bf87 in libjvmcicompiler.so, mask=00000000000000000000000000000000, flags=SA_RESTART
  *** Handler was modified!
  *** Expected: javaSignalHandler in libjvm.so, mask=11100100110111111111111111111110, flags=SA_RESTART|SA_SIGINFO
   SIGXFSZ: javaSignalHandler in libjvm.so, mask=11100100010111111101111111111110, flags=SA_RESTART|SA_SIGINFO
    SIGILL: crash_handler in libjvm.so, mask=11100100010111111101111111111110, flags=SA_RESTART|SA_SIGINFO
   SIGUSR2: SR_handler in libjvm.so, mask=00000000000000000000000000000000, flags=SA_RESTART|SA_SIGINFO
    SIGHUP: UserHandler in libjvm.so, mask=11100100010111111101111111111110, flags=SA_RESTART|SA_SIGINFO
    SIGINT: UserHandler in libjvm.so, mask=11100100010111111101111111111110, flags=SA_RESTART|SA_SIGINFO
   SIGTERM: UserHandler in libjvm.so, mask=11100100010111111101111111111110, flags=SA_RESTART|SA_SIGINFO
   SIGQUIT: UserHandler in libjvm.so, mask=11100100010111111101111111111110, flags=SA_RESTART|SA_SIGINFO
  *** Handler was modified!
  *** Expected: javaSignalHandler in libjvm.so, mask=11100100110111111111111111111110, flags=SA_RESTART|SA_SIGINFO
   SIGTRAP: crash_handler in libjvm.so, mask=11100100010111111101111111111110, flags=SA_RESTART|SA_SIGINFO


---------------  S Y S T E M  ---------------

OS:
DISTRIB_ID=Ubuntu
DISTRIB_RELEASE=20.04
DISTRIB_CODENAME=focal
DISTRIB_DESCRIPTION="Ubuntu 20.04.2 LTS"
uname: Linux 6.5.0-1013-gcp #13~22.04.1-Ubuntu SMP Wed Jan 24 23:39:40 UTC 2024 x86_64
OS uptime: 0 days 3:44 hours
libc: glibc 2.35 NPTL 2.35 
rlimit (soft/hard): STACK 8192k/infinity , CORE infinity/infinity , NPROC infinity/infinity , NOFILE 20971/20971 , AS infinity/infinity , CPU infinity/infinity , DATA infinity/infinity , FSIZE infinity/infinity , MEMLOCK 8192k/8192k
load average: 49.61 28.83 21.33

/proc/meminfo:
MemTotal:       65835400 kB
MemFree:        42357180 kB
MemAvailable:   50456776 kB
Buffers:          223024 kB
Cached:          7488244 kB
SwapCached:            0 kB
Active:         16529764 kB
Inactive:        4689000 kB
Active(anon):   12371812 kB
Inactive(anon):   972668 kB
Active(file):    4157952 kB
Inactive(file):  3716332 kB
Unevictable:       29564 kB
Mlocked:           29564 kB
SwapTotal:             0 kB
SwapFree:              0 kB
Zswap:                 0 kB
Zswapped:              0 kB
Dirty:              7760 kB
Writeback:             0 kB
AnonPages:      13370904 kB
Mapped:          1567268 kB
Shmem:             21432 kB
KReclaimable:     951764 kB
Slab:            1460224 kB
SReclaimable:     951764 kB
SUnreclaim:       508460 kB
KernelStack:      133380 kB
PageTables:       253684 kB
SecPageTables:         0 kB
NFS_Unstable:          0 kB
Bounce:                0 kB
WritebackTmp:          0 kB
CommitLimit:    32917700 kB
Committed_AS:   46695228 kB
VmallocTotal:   34359738367 kB
VmallocUsed:      158128 kB
VmallocChunk:          0 kB
Percpu:            36928 kB
HardwareCorrupted:     0 kB
AnonHugePages:    661504 kB
ShmemHugePages:        0 kB
ShmemPmdMapped:        0 kB
FileHugePages:         0 kB
FilePmdMapped:         0 kB
Unaccepted:            0 kB
HugePages_Total:       0
HugePages_Free:        0
HugePages_Rsvd:        0
HugePages_Surp:        0
Hugepagesize:       2048 kB
Hugetlb:               0 kB
DirectMap4k:      224056 kB
DirectMap2M:    20744192 kB
DirectMap1G:    48234496 kB

/sys/kernel/mm/transparent_hugepage/enabled: always [madvise] never
/sys/kernel/mm/transparent_hugepage/defrag (defrag/compaction efforts parameter): always defer defer+madvise [madvise] never

Process Memory:
Virtual Size: 4773248K (peak: 4851536K)
Resident Set Size: 808212K (peak: 860840K) (anon: 613028K, file: 195184K, shmem: 0K)
Swapped out: 0K
C-Heap outstanding allocations: 43465K, retained: 11267K
glibc malloc tunables: (default)

/proc/sys/kernel/threads-max (system-wide limit on the number of threads): 514277
/proc/sys/vm/max_map_count (maximum number of memory map areas a process may have): 65530
/proc/sys/kernel/pid_max (system-wide limit on number of process identifiers): 4194304

container (cgroup) information:
container_type: cgroupv2
cpu_cpuset_cpus: not supported
cpu_memory_nodes: not supported
active_processor_count: 2
cpu_quota: 200000
cpu_period: 100000
cpu_shares: no shares
memory_limit_in_bytes: 3292528 k
memory_and_swap_limit_in_bytes: unlimited
memory_soft_limit_in_bytes: 2097152 k
memory_usage_in_bytes: 728080 k
memory_max_usage_in_bytes: not supported
maximum number of tasks: not supported
current number of tasks: not supported

KVM virtualization detected
Steal ticks since vm start: 2532
Steal ticks percentage since vm start:  0.003

CPU: total 8 (initial active 2) (8 cores per cpu, 2 threads per core) family 23 model 49 stepping 0 microcode 0xffffffff, cx8, cmov, fxsr, ht, mmx, 3dnowpref, sse, sse2, sse3, ssse3, sse4a, sse4.1, sse4.2, popcnt, lzcnt, tsc, tscinvbit, avx, avx2, aes, clmul, bmi1, bmi2, adx, sha, fma, vzeroupper, clflush, clflushopt, hv
CPU Model and flags from /proc/cpuinfo:
model name	: AMD EPYC 7B12
flags		: fpu vme de pse tsc msr pae mce cx8 apic sep mtrr pge mca cmov pat pse36 clflush mmx fxsr sse sse2 ht syscall nx mmxext fxsr_opt pdpe1gb rdtscp lm constant_tsc rep_good nopl nonstop_tsc cpuid extd_apicid tsc_known_freq pni pclmulqdq ssse3 fma cx16 sse4_1 sse4_2 x2apic movbe popcnt aes xsave avx f16c rdrand hypervisor lahf_lm cmp_legacy cr8_legacy abm sse4a misalignsse 3dnowprefetch osvw topoext ssbd ibrs ibpb stibp vmmcall fsgsbase tsc_adjust bmi1 avx2 smep bmi2 rdseed adx smap clflushopt clwb sha_ni xsaveopt xsavec xgetbv1 clzero xsaveerptr arat npt nrip_save umip rdpid

Online cpus: 0-7
Offline cpus: 
BIOS frequency limitation: <Not Available>
Frequency switch latency (ns): <Not Available>
Available cpu frequencies: <Not Available>
Current governor: <Not Available>
Core performance/turbo boost: <Not Available>

Memory: 4k page, physical 3292528k(2564440k free), swap 0k(0k free)
Page Sizes: 4k

vm_info: OpenJDK 64-Bit Server VM (17.0.5+8-jvmci-22.3-b08) for linux-amd64 JRE (17.0.5+8-jvmci-22.3-b08), built on Oct 19 2022 09:01:27 by "buildslave" with gcc 10.3.0

END.
